[2024-09-06T08:12:11.860+0000] {local_task_job_runner.py:120} INFO - ::group::Pre task execution logs
[2024-09-06T08:12:11.894+0000] {taskinstance.py:2076} INFO - Dependencies all met for dep_context=non-requeueable deps ti=<TaskInstance: etl_data_pipeline.extract_data manual__2024-09-06T08:12:09.501899+00:00 [queued]>
[2024-09-06T08:12:11.902+0000] {taskinstance.py:2076} INFO - Dependencies all met for dep_context=requeueable deps ti=<TaskInstance: etl_data_pipeline.extract_data manual__2024-09-06T08:12:09.501899+00:00 [queued]>
[2024-09-06T08:12:11.902+0000] {taskinstance.py:2306} INFO - Starting attempt 1 of 2
[2024-09-06T08:12:11.919+0000] {taskinstance.py:2330} INFO - Executing <Task(PythonOperator): extract_data> on 2024-09-06 08:12:09.501899+00:00
[2024-09-06T08:12:11.926+0000] {warnings.py:112} WARNING - /home/***/.local/lib/python3.12/site-packages/***/task/task_runner/standard_task_runner.py:61: DeprecationWarning: This process (pid=319) is multi-threaded, use of fork() may lead to deadlocks in the child.
  pid = os.fork()

[2024-09-06T08:12:11.927+0000] {standard_task_runner.py:63} INFO - Started process 320 to run task
[2024-09-06T08:12:11.927+0000] {standard_task_runner.py:90} INFO - Running: ['***', 'tasks', 'run', 'etl_data_pipeline', 'extract_data', 'manual__2024-09-06T08:12:09.501899+00:00', '--job-id', '24', '--raw', '--subdir', 'DAGS_FOLDER/newspipeline.py', '--cfg-path', '/tmp/tmpcvt_jbj_']
[2024-09-06T08:12:11.928+0000] {standard_task_runner.py:91} INFO - Job 24: Subtask extract_data
[2024-09-06T08:12:11.999+0000] {task_command.py:426} INFO - Running <TaskInstance: etl_data_pipeline.extract_data manual__2024-09-06T08:12:09.501899+00:00 [running]> on host ca47fb49acc7
[2024-09-06T08:12:12.080+0000] {taskinstance.py:2648} INFO - Exporting env vars: AIRFLOW_CTX_DAG_OWNER='***' AIRFLOW_CTX_DAG_ID='etl_data_pipeline' AIRFLOW_CTX_TASK_ID='extract_data' AIRFLOW_CTX_EXECUTION_DATE='2024-09-06T08:12:09.501899+00:00' AIRFLOW_CTX_TRY_NUMBER='1' AIRFLOW_CTX_DAG_RUN_ID='manual__2024-09-06T08:12:09.501899+00:00'
[2024-09-06T08:12:12.081+0000] {taskinstance.py:430} INFO - ::endgroup::
[2024-09-06T08:12:15.286+0000] {logging_mixin.py:188} INFO - Successfully saved 100 articles to ai_news_articles.json and ai_news_articles.csv
[2024-09-06T08:12:15.765+0000] {python.py:237} INFO - Done. Returned value was:              uri  ...                                              image
0     8309525032  ...                                               None
1     8309527027  ...  https://s.yimg.com/ny/api/res/1.2/tSiiV_pWRTU_...
2     8309523532  ...                                               None
3     8309526192  ...  https://asianlite.com/wp-content/uploads/2024/...
4     8309525034  ...                                               None
..           ...  ...                                                ...
95  b-8309467941  ...  https://bloximages.chicago2.vip.townnews.com/t...
96    8309466896  ...  https://cdn.proactiveinvestors.com/eyJidWNrZXQ...
97    8309466898  ...  https://cdn.proactiveinvestors.com/eyJidWNrZXQ...
98    8309466477  ...  https://bloximages.chicago2.vip.townnews.com/e...
99  b-8309465528  ...  https://366e203a.rocketcdn.me/wp-content/uploa...

[100 rows x 9 columns]
[2024-09-06T08:12:15.831+0000] {taskinstance.py:441} INFO - ::group::Post task execution logs
[2024-09-06T08:12:16.075+0000] {taskinstance.py:1206} INFO - Marking task as SUCCESS. dag_id=etl_data_pipeline, task_id=extract_data, run_id=manual__2024-09-06T08:12:09.501899+00:00, execution_date=20240906T081209, start_date=20240906T081211, end_date=20240906T081216
[2024-09-06T08:12:16.133+0000] {local_task_job_runner.py:240} INFO - Task exited with return code 0
[2024-09-06T08:12:16.159+0000] {taskinstance.py:3503} INFO - 2 downstream tasks scheduled from follow-on schedule check
[2024-09-06T08:12:16.164+0000] {local_task_job_runner.py:222} INFO - ::endgroup::
