[2024-08-01T10:16:58.484+0000] {processor.py:161} INFO - Started process (PID=61) to work on /opt/airflow/dags/newspipeline.py
[2024-08-01T10:16:58.485+0000] {processor.py:830} INFO - Processing file /opt/airflow/dags/newspipeline.py for tasks to queue
[2024-08-01T10:16:58.487+0000] {logging_mixin.py:188} INFO - [2024-08-01T10:16:58.487+0000] {dagbag.py:545} INFO - Filling up the DagBag from /opt/airflow/dags/newspipeline.py
[2024-08-01T10:17:28.443+0000] {logging_mixin.py:188} INFO - [2024-08-01T10:17:28.438+0000] {timeout.py:68} ERROR - Process timed out, PID: 61
[2024-08-01T10:17:58.957+0000] {processor.py:161} INFO - Started process (PID=75) to work on /opt/airflow/dags/newspipeline.py
[2024-08-01T10:17:58.959+0000] {processor.py:830} INFO - Processing file /opt/airflow/dags/newspipeline.py for tasks to queue
[2024-08-01T10:17:58.967+0000] {logging_mixin.py:188} INFO - [2024-08-01T10:17:58.964+0000] {dagbag.py:545} INFO - Filling up the DagBag from /opt/airflow/dags/newspipeline.py
[2024-08-01T10:18:27.624+0000] {logging_mixin.py:188} INFO - Successfully saved 1000 articles to ai_news_articles.json and ai_news_articles.csv
[2024-08-01T10:18:28.925+0000] {logging_mixin.py:188} INFO - Successfully loaded data into news_articles table
[2024-08-01T10:18:28.952+0000] {processor.py:840} INFO - DAG(s) 'etl_data_pipeline' retrieved from /opt/airflow/dags/newspipeline.py
[2024-08-01T10:18:29.192+0000] {logging_mixin.py:188} INFO - [2024-08-01T10:18:29.191+0000] {override.py:1829} INFO - Created Permission View: can edit on DAG:etl_data_pipeline
[2024-08-01T10:18:29.201+0000] {logging_mixin.py:188} INFO - [2024-08-01T10:18:29.201+0000] {override.py:1829} INFO - Created Permission View: can delete on DAG:etl_data_pipeline
[2024-08-01T10:18:29.207+0000] {logging_mixin.py:188} INFO - [2024-08-01T10:18:29.207+0000] {override.py:1829} INFO - Created Permission View: can read on DAG:etl_data_pipeline
[2024-08-01T10:18:29.208+0000] {logging_mixin.py:188} INFO - [2024-08-01T10:18:29.207+0000] {dag.py:3096} INFO - Sync 1 DAGs
[2024-08-01T10:18:29.218+0000] {logging_mixin.py:188} INFO - [2024-08-01T10:18:29.217+0000] {dag.py:3118} INFO - Creating ORM DAG for etl_data_pipeline
[2024-08-01T10:18:29.227+0000] {logging_mixin.py:188} INFO - [2024-08-01T10:18:29.227+0000] {dag.py:3954} INFO - Setting next_dagrun for etl_data_pipeline to 2024-07-31 00:00:00+00:00, run_after=2024-08-01 00:00:00+00:00
[2024-08-01T10:18:29.243+0000] {processor.py:183} INFO - Processing /opt/airflow/dags/newspipeline.py took 30.296 seconds
[2024-08-01T10:18:59.421+0000] {processor.py:161} INFO - Started process (PID=89) to work on /opt/airflow/dags/newspipeline.py
[2024-08-01T10:18:59.422+0000] {processor.py:830} INFO - Processing file /opt/airflow/dags/newspipeline.py for tasks to queue
[2024-08-01T10:18:59.424+0000] {logging_mixin.py:188} INFO - [2024-08-01T10:18:59.423+0000] {dagbag.py:545} INFO - Filling up the DagBag from /opt/airflow/dags/newspipeline.py
[2024-08-01T10:19:30.042+0000] {logging_mixin.py:188} INFO - [2024-08-01T10:19:29.562+0000] {timeout.py:68} ERROR - Process timed out, PID: 89
[2024-08-01T10:22:22.211+0000] {processor.py:161} INFO - Started process (PID=97) to work on /opt/airflow/dags/newspipeline.py
[2024-08-01T10:22:22.212+0000] {processor.py:830} INFO - Processing file /opt/airflow/dags/newspipeline.py for tasks to queue
[2024-08-01T10:22:22.216+0000] {logging_mixin.py:188} INFO - [2024-08-01T10:22:22.216+0000] {dagbag.py:545} INFO - Filling up the DagBag from /opt/airflow/dags/newspipeline.py
[2024-08-01T10:22:59.930+0000] {logging_mixin.py:188} INFO - [2024-08-01T10:22:53.055+0000] {timeout.py:68} ERROR - Process timed out, PID: 97
[2024-08-01T10:23:45.887+0000] {processor.py:161} INFO - Started process (PID=99) to work on /opt/airflow/dags/newspipeline.py
[2024-08-01T10:23:45.888+0000] {processor.py:830} INFO - Processing file /opt/airflow/dags/newspipeline.py for tasks to queue
[2024-08-01T10:23:45.908+0000] {logging_mixin.py:188} INFO - [2024-08-01T10:23:45.907+0000] {dagbag.py:545} INFO - Filling up the DagBag from /opt/airflow/dags/newspipeline.py
[2024-08-01T10:24:46.134+0000] {logging_mixin.py:188} INFO - [2024-08-01T10:24:17.268+0000] {timeout.py:68} ERROR - Process timed out, PID: 99
[2024-08-01T10:25:23.322+0000] {processor.py:161} INFO - Started process (PID=112) to work on /opt/airflow/dags/newspipeline.py
[2024-08-01T10:25:23.323+0000] {processor.py:830} INFO - Processing file /opt/airflow/dags/newspipeline.py for tasks to queue
[2024-08-01T10:25:23.325+0000] {logging_mixin.py:188} INFO - [2024-08-01T10:25:23.324+0000] {dagbag.py:545} INFO - Filling up the DagBag from /opt/airflow/dags/newspipeline.py
[2024-08-01T10:26:24.947+0000] {logging_mixin.py:188} INFO - [2024-08-01T10:25:54.960+0000] {timeout.py:68} ERROR - Process timed out, PID: 112
[2024-08-01T10:26:51.719+0000] {processor.py:161} INFO - Started process (PID=126) to work on /opt/airflow/dags/newspipeline.py
[2024-08-01T10:26:51.721+0000] {processor.py:830} INFO - Processing file /opt/airflow/dags/newspipeline.py for tasks to queue
[2024-08-01T10:26:51.724+0000] {logging_mixin.py:188} INFO - [2024-08-01T10:26:51.722+0000] {dagbag.py:545} INFO - Filling up the DagBag from /opt/airflow/dags/newspipeline.py
[2024-08-01T10:27:10.150+0000] {logging_mixin.py:188} INFO - Successfully saved 1000 articles to ai_news_articles.json and ai_news_articles.csv
[2024-08-01T10:27:10.909+0000] {logging_mixin.py:188} INFO - Successfully loaded data into news_articles table
[2024-08-01T10:27:10.967+0000] {processor.py:840} INFO - DAG(s) 'etl_data_pipeline' retrieved from /opt/airflow/dags/newspipeline.py
[2024-08-01T10:27:12.224+0000] {logging_mixin.py:188} INFO - [2024-08-01T10:27:12.223+0000] {dag.py:3096} INFO - Sync 1 DAGs
[2024-08-01T10:27:12.244+0000] {logging_mixin.py:188} INFO - [2024-08-01T10:27:12.244+0000] {dag.py:3954} INFO - Setting next_dagrun for etl_data_pipeline to 2024-07-31 00:00:00+00:00, run_after=2024-08-01 00:00:00+00:00
[2024-08-01T10:27:12.262+0000] {processor.py:183} INFO - Processing /opt/airflow/dags/newspipeline.py took 20.584 seconds
[2024-08-01T10:27:42.818+0000] {processor.py:161} INFO - Started process (PID=134) to work on /opt/airflow/dags/newspipeline.py
[2024-08-01T10:27:42.819+0000] {processor.py:830} INFO - Processing file /opt/airflow/dags/newspipeline.py for tasks to queue
[2024-08-01T10:27:42.821+0000] {logging_mixin.py:188} INFO - [2024-08-01T10:27:42.820+0000] {dagbag.py:545} INFO - Filling up the DagBag from /opt/airflow/dags/newspipeline.py
[2024-08-01T10:28:29.572+0000] {logging_mixin.py:188} INFO - [2024-08-01T10:28:14.160+0000] {timeout.py:68} ERROR - Process timed out, PID: 134
[2024-08-01T10:30:36.769+0000] {processor.py:161} INFO - Started process (PID=142) to work on /opt/airflow/dags/newspipeline.py
[2024-08-01T10:30:36.843+0000] {processor.py:830} INFO - Processing file /opt/airflow/dags/newspipeline.py for tasks to queue
[2024-08-01T10:30:36.865+0000] {logging_mixin.py:188} INFO - [2024-08-01T10:30:36.864+0000] {dagbag.py:545} INFO - Filling up the DagBag from /opt/airflow/dags/newspipeline.py
[2024-08-01T10:31:21.227+0000] {logging_mixin.py:188} INFO - [2024-08-01T10:31:08.508+0000] {timeout.py:68} ERROR - Process timed out, PID: 142
[2024-08-01T10:33:23.948+0000] {processor.py:161} INFO - Started process (PID=144) to work on /opt/airflow/dags/newspipeline.py
[2024-08-01T10:33:23.949+0000] {processor.py:830} INFO - Processing file /opt/airflow/dags/newspipeline.py for tasks to queue
[2024-08-01T10:33:23.950+0000] {logging_mixin.py:188} INFO - [2024-08-01T10:33:23.950+0000] {dagbag.py:545} INFO - Filling up the DagBag from /opt/airflow/dags/newspipeline.py
[2024-08-01T10:33:59.927+0000] {logging_mixin.py:188} INFO - [2024-08-01T10:33:59.877+0000] {timeout.py:68} ERROR - Process timed out, PID: 144
[2024-08-01T10:34:32.505+0000] {processor.py:161} INFO - Started process (PID=151) to work on /opt/airflow/dags/newspipeline.py
[2024-08-01T10:34:32.512+0000] {processor.py:830} INFO - Processing file /opt/airflow/dags/newspipeline.py for tasks to queue
[2024-08-01T10:34:32.514+0000] {logging_mixin.py:188} INFO - [2024-08-01T10:34:32.513+0000] {dagbag.py:545} INFO - Filling up the DagBag from /opt/airflow/dags/newspipeline.py
[2024-08-01T10:35:03.260+0000] {logging_mixin.py:188} INFO - [2024-08-01T10:35:02.769+0000] {timeout.py:68} ERROR - Process timed out, PID: 151
[2024-08-01T10:35:39.763+0000] {processor.py:161} INFO - Started process (PID=153) to work on /opt/airflow/dags/newspipeline.py
[2024-08-01T10:35:39.768+0000] {processor.py:830} INFO - Processing file /opt/airflow/dags/newspipeline.py for tasks to queue
[2024-08-01T10:35:39.771+0000] {logging_mixin.py:188} INFO - [2024-08-01T10:35:39.769+0000] {dagbag.py:545} INFO - Filling up the DagBag from /opt/airflow/dags/newspipeline.py
[2024-08-01T10:36:27.657+0000] {logging_mixin.py:188} INFO - [2024-08-01T10:36:27.655+0000] {timeout.py:68} ERROR - Process timed out, PID: 153
[2024-08-01T10:36:58.428+0000] {processor.py:161} INFO - Started process (PID=155) to work on /opt/airflow/dags/newspipeline.py
[2024-08-01T10:36:58.431+0000] {processor.py:830} INFO - Processing file /opt/airflow/dags/newspipeline.py for tasks to queue
[2024-08-01T10:36:59.253+0000] {logging_mixin.py:188} INFO - [2024-08-01T10:36:58.450+0000] {dagbag.py:545} INFO - Filling up the DagBag from /opt/airflow/dags/newspipeline.py
[2024-08-01T10:37:32.429+0000] {logging_mixin.py:188} INFO - [2024-08-01T10:37:32.428+0000] {timeout.py:68} ERROR - Process timed out, PID: 155
[2024-08-01T10:37:32.458+0000] {logging_mixin.py:188} WARNING - Exception ignored in: <function WeakKeyDictionary.__init__.<locals>.remove at 0x7ff6bf1cde40>
[2024-08-01T10:37:32.459+0000] {logging_mixin.py:188} WARNING - Traceback (most recent call last):
[2024-08-01T10:37:32.459+0000] {logging_mixin.py:188} WARNING -   File "/usr/local/lib/python3.12/weakref.py", line 369, in remove
[2024-08-01T10:37:32.514+0000] {logging_mixin.py:188} WARNING -     def remove(k, selfref=ref(self)):
[2024-08-01T10:37:32.569+0000] {logging_mixin.py:188} WARNING -   File "/home/airflow/.local/lib/python3.12/site-packages/airflow/utils/timeout.py", line 69, in handle_timeout
[2024-08-01T10:37:32.593+0000] {logging_mixin.py:188} WARNING -     raise AirflowTaskTimeout(self.error_message)
[2024-08-01T10:37:32.653+0000] {logging_mixin.py:188} WARNING - airflow.exceptions.AirflowTaskTimeout: DagBag import timeout for /opt/airflow/dags/newspipeline.py after 30.0s.
Please take a look at these docs to improve your DAG import time:
* https://airflow.apache.org/docs/apache-airflow/2.9.2/best-practices.html#top-level-python-code
* https://airflow.apache.org/docs/apache-airflow/2.9.2/best-practices.html#reducing-dag-complexity, PID: 155
[2024-08-01T10:38:20.714+0000] {processor.py:161} INFO - Started process (PID=169) to work on /opt/airflow/dags/newspipeline.py
[2024-08-01T10:38:20.721+0000] {processor.py:830} INFO - Processing file /opt/airflow/dags/newspipeline.py for tasks to queue
[2024-08-01T10:38:20.830+0000] {logging_mixin.py:188} INFO - [2024-08-01T10:38:20.722+0000] {dagbag.py:545} INFO - Filling up the DagBag from /opt/airflow/dags/newspipeline.py
[2024-08-01T10:39:05.701+0000] {logging_mixin.py:188} INFO - [2024-08-01T10:39:01.883+0000] {timeout.py:68} ERROR - Process timed out, PID: 169
[2024-08-01T10:39:07.548+0000] {logging_mixin.py:188} WARNING - Exception ignored in: <function WeakKeyDictionary.__init__.<locals>.remove at 0x7ff6bf1cde40>
[2024-08-01T10:39:11.351+0000] {logging_mixin.py:188} WARNING - Traceback (most recent call last):
[2024-08-01T10:39:16.321+0000] {logging_mixin.py:188} WARNING -   File "/usr/local/lib/python3.12/weakref.py", line 369, in remove
[2024-08-01T10:39:19.247+0000] {logging_mixin.py:188} WARNING -     def remove(k, selfref=ref(self)):
[2024-08-01T10:39:20.776+0000] {logging_mixin.py:188} WARNING -   File "/home/airflow/.local/lib/python3.12/site-packages/airflow/utils/timeout.py", line 69, in handle_timeout
[2024-08-01T10:39:23.431+0000] {logging_mixin.py:188} WARNING -     raise AirflowTaskTimeout(self.error_message)
[2024-08-01T10:39:25.221+0000] {logging_mixin.py:188} WARNING - airflow.exceptions.AirflowTaskTimeout: DagBag import timeout for /opt/airflow/dags/newspipeline.py after 30.0s.
Please take a look at these docs to improve your DAG import time:
* https://airflow.apache.org/docs/apache-airflow/2.9.2/best-practices.html#top-level-python-code
* https://airflow.apache.org/docs/apache-airflow/2.9.2/best-practices.html#reducing-dag-complexity, PID: 169
[2024-08-01T10:40:22.991+0000] {processor.py:161} INFO - Started process (PID=171) to work on /opt/airflow/dags/newspipeline.py
[2024-08-01T10:40:23.232+0000] {processor.py:830} INFO - Processing file /opt/airflow/dags/newspipeline.py for tasks to queue
[2024-08-01T10:40:23.241+0000] {logging_mixin.py:188} INFO - [2024-08-01T10:40:23.237+0000] {dagbag.py:545} INFO - Filling up the DagBag from /opt/airflow/dags/newspipeline.py
[2024-08-01T10:42:29.407+0000] {processor.py:161} INFO - Started process (PID=172) to work on /opt/airflow/dags/newspipeline.py
[2024-08-01T10:42:30.425+0000] {processor.py:830} INFO - Processing file /opt/airflow/dags/newspipeline.py for tasks to queue
[2024-08-01T10:42:31.328+0000] {logging_mixin.py:188} INFO - [2024-08-01T10:42:31.037+0000] {dagbag.py:545} INFO - Filling up the DagBag from /opt/airflow/dags/newspipeline.py
[2024-08-01T10:43:19.778+0000] {processor.py:161} INFO - Started process (PID=173) to work on /opt/airflow/dags/newspipeline.py
[2024-08-01T10:43:19.780+0000] {processor.py:830} INFO - Processing file /opt/airflow/dags/newspipeline.py for tasks to queue
[2024-08-01T10:43:19.782+0000] {logging_mixin.py:188} INFO - [2024-08-01T10:43:19.781+0000] {dagbag.py:545} INFO - Filling up the DagBag from /opt/airflow/dags/newspipeline.py
[2024-08-01T10:43:50.196+0000] {logging_mixin.py:188} INFO - [2024-08-01T10:43:49.996+0000] {timeout.py:68} ERROR - Process timed out, PID: 173
[2024-08-01T10:44:25.290+0000] {processor.py:161} INFO - Started process (PID=175) to work on /opt/airflow/dags/newspipeline.py
[2024-08-01T10:44:25.569+0000] {processor.py:830} INFO - Processing file /opt/airflow/dags/newspipeline.py for tasks to queue
[2024-08-01T10:44:25.720+0000] {logging_mixin.py:188} INFO - [2024-08-01T10:44:25.570+0000] {dagbag.py:545} INFO - Filling up the DagBag from /opt/airflow/dags/newspipeline.py
[2024-08-01T10:45:01.924+0000] {logging_mixin.py:188} INFO - [2024-08-01T10:44:57.884+0000] {timeout.py:68} ERROR - Process timed out, PID: 175
[2024-08-01T10:46:14.042+0000] {processor.py:161} INFO - Started process (PID=177) to work on /opt/airflow/dags/newspipeline.py
[2024-08-01T10:46:14.148+0000] {processor.py:830} INFO - Processing file /opt/airflow/dags/newspipeline.py for tasks to queue
[2024-08-01T10:46:14.165+0000] {logging_mixin.py:188} INFO - [2024-08-01T10:46:14.165+0000] {dagbag.py:545} INFO - Filling up the DagBag from /opt/airflow/dags/newspipeline.py
[2024-08-01T10:50:11.876+0000] {processor.py:161} INFO - Started process (PID=184) to work on /opt/airflow/dags/newspipeline.py
[2024-08-01T10:50:11.903+0000] {processor.py:830} INFO - Processing file /opt/airflow/dags/newspipeline.py for tasks to queue
[2024-08-01T10:50:11.904+0000] {logging_mixin.py:188} INFO - [2024-08-01T10:50:11.903+0000] {dagbag.py:545} INFO - Filling up the DagBag from /opt/airflow/dags/newspipeline.py
[2024-08-01T10:51:06.353+0000] {processor.py:161} INFO - Started process (PID=203) to work on /opt/airflow/dags/newspipeline.py
[2024-08-01T10:51:07.136+0000] {processor.py:830} INFO - Processing file /opt/airflow/dags/newspipeline.py for tasks to queue
[2024-08-01T10:51:17.822+0000] {logging_mixin.py:188} INFO - [2024-08-01T10:51:17.223+0000] {dagbag.py:545} INFO - Filling up the DagBag from /opt/airflow/dags/newspipeline.py
[2024-08-01T10:52:45.863+0000] {processor.py:161} INFO - Started process (PID=210) to work on /opt/airflow/dags/newspipeline.py
[2024-08-01T10:52:45.993+0000] {processor.py:830} INFO - Processing file /opt/airflow/dags/newspipeline.py for tasks to queue
[2024-08-01T10:52:45.995+0000] {logging_mixin.py:188} INFO - [2024-08-01T10:52:45.994+0000] {dagbag.py:545} INFO - Filling up the DagBag from /opt/airflow/dags/newspipeline.py
[2024-08-01T10:53:46.872+0000] {processor.py:161} INFO - Started process (PID=224) to work on /opt/airflow/dags/newspipeline.py
[2024-08-01T10:53:46.978+0000] {processor.py:830} INFO - Processing file /opt/airflow/dags/newspipeline.py for tasks to queue
[2024-08-01T10:53:46.985+0000] {logging_mixin.py:188} INFO - [2024-08-01T10:53:46.984+0000] {dagbag.py:545} INFO - Filling up the DagBag from /opt/airflow/dags/newspipeline.py
[2024-08-01T10:55:51.661+0000] {processor.py:161} INFO - Started process (PID=237) to work on /opt/airflow/dags/newspipeline.py
[2024-08-01T10:55:51.662+0000] {processor.py:830} INFO - Processing file /opt/airflow/dags/newspipeline.py for tasks to queue
[2024-08-01T10:55:51.669+0000] {logging_mixin.py:188} INFO - [2024-08-01T10:55:51.666+0000] {dagbag.py:545} INFO - Filling up the DagBag from /opt/airflow/dags/newspipeline.py
[2024-08-01T10:57:25.130+0000] {processor.py:161} INFO - Started process (PID=238) to work on /opt/airflow/dags/newspipeline.py
[2024-08-01T10:57:25.318+0000] {processor.py:830} INFO - Processing file /opt/airflow/dags/newspipeline.py for tasks to queue
[2024-08-01T10:57:25.641+0000] {logging_mixin.py:188} INFO - [2024-08-01T10:57:25.587+0000] {dagbag.py:545} INFO - Filling up the DagBag from /opt/airflow/dags/newspipeline.py
[2024-08-01T10:58:44.933+0000] {processor.py:161} INFO - Started process (PID=239) to work on /opt/airflow/dags/newspipeline.py
[2024-08-01T10:58:46.444+0000] {processor.py:830} INFO - Processing file /opt/airflow/dags/newspipeline.py for tasks to queue
[2024-08-01T11:01:12.476+0000] {logging_mixin.py:188} INFO - [2024-08-01T11:01:10.256+0000] {dagbag.py:545} INFO - Filling up the DagBag from /opt/airflow/dags/newspipeline.py
[2024-08-01T11:02:02.240+0000] {logging_mixin.py:188} INFO - [2024-08-01T11:02:01.843+0000] {timeout.py:68} ERROR - Process timed out, PID: 239
[2024-08-01T11:08:05.358+0000] {processor.py:161} INFO - Started process (PID=241) to work on /opt/airflow/dags/newspipeline.py
[2024-08-01T11:08:07.751+0000] {processor.py:830} INFO - Processing file /opt/airflow/dags/newspipeline.py for tasks to queue
[2024-08-01T11:08:08.584+0000] {logging_mixin.py:188} INFO - [2024-08-01T11:08:08.031+0000] {dagbag.py:545} INFO - Filling up the DagBag from /opt/airflow/dags/newspipeline.py
[2024-08-01T11:11:05.352+0000] {processor.py:161} INFO - Started process (PID=242) to work on /opt/airflow/dags/newspipeline.py
[2024-08-01T11:11:06.116+0000] {processor.py:830} INFO - Processing file /opt/airflow/dags/newspipeline.py for tasks to queue
[2024-08-01T11:11:06.555+0000] {logging_mixin.py:188} INFO - [2024-08-01T11:11:06.494+0000] {dagbag.py:545} INFO - Filling up the DagBag from /opt/airflow/dags/newspipeline.py
[2024-08-01T11:11:50.579+0000] {processor.py:161} INFO - Started process (PID=243) to work on /opt/airflow/dags/newspipeline.py
[2024-08-01T11:11:50.589+0000] {processor.py:830} INFO - Processing file /opt/airflow/dags/newspipeline.py for tasks to queue
[2024-08-01T11:11:51.073+0000] {logging_mixin.py:188} INFO - [2024-08-01T11:11:50.590+0000] {dagbag.py:545} INFO - Filling up the DagBag from /opt/airflow/dags/newspipeline.py
[2024-08-01T11:13:50.925+0000] {processor.py:161} INFO - Started process (PID=244) to work on /opt/airflow/dags/newspipeline.py
[2024-08-01T11:13:51.535+0000] {processor.py:830} INFO - Processing file /opt/airflow/dags/newspipeline.py for tasks to queue
[2024-08-01T11:13:54.808+0000] {logging_mixin.py:188} INFO - [2024-08-01T11:13:53.123+0000] {dagbag.py:545} INFO - Filling up the DagBag from /opt/airflow/dags/newspipeline.py
[2024-08-01T11:15:09.438+0000] {processor.py:161} INFO - Started process (PID=245) to work on /opt/airflow/dags/newspipeline.py
[2024-08-01T11:15:09.755+0000] {processor.py:830} INFO - Processing file /opt/airflow/dags/newspipeline.py for tasks to queue
[2024-08-01T11:15:10.803+0000] {logging_mixin.py:188} INFO - [2024-08-01T11:15:10.799+0000] {dagbag.py:545} INFO - Filling up the DagBag from /opt/airflow/dags/newspipeline.py
[2024-08-01T11:16:17.450+0000] {processor.py:161} INFO - Started process (PID=246) to work on /opt/airflow/dags/newspipeline.py
[2024-08-01T11:16:17.619+0000] {processor.py:830} INFO - Processing file /opt/airflow/dags/newspipeline.py for tasks to queue
[2024-08-01T11:16:17.945+0000] {logging_mixin.py:188} INFO - [2024-08-01T11:16:17.944+0000] {dagbag.py:545} INFO - Filling up the DagBag from /opt/airflow/dags/newspipeline.py
[2024-08-01T11:17:19.977+0000] {logging_mixin.py:188} INFO - [2024-08-01T11:17:19.977+0000] {timeout.py:68} ERROR - Process timed out, PID: 246
[2024-08-01T11:23:45.459+0000] {processor.py:161} INFO - Started process (PID=62) to work on /opt/airflow/dags/newspipeline.py
[2024-08-01T11:23:45.460+0000] {processor.py:830} INFO - Processing file /opt/airflow/dags/newspipeline.py for tasks to queue
[2024-08-01T11:23:45.462+0000] {logging_mixin.py:188} INFO - [2024-08-01T11:23:45.461+0000] {dagbag.py:545} INFO - Filling up the DagBag from /opt/airflow/dags/newspipeline.py
[2024-08-01T11:24:16.730+0000] {logging_mixin.py:188} INFO - [2024-08-01T11:24:16.730+0000] {timeout.py:68} ERROR - Process timed out, PID: 62
[2024-08-01T11:25:24.472+0000] {processor.py:161} INFO - Started process (PID=70) to work on /opt/airflow/dags/newspipeline.py
[2024-08-01T11:25:24.963+0000] {processor.py:830} INFO - Processing file /opt/airflow/dags/newspipeline.py for tasks to queue
[2024-08-01T11:25:25.540+0000] {logging_mixin.py:188} INFO - [2024-08-01T11:25:25.540+0000] {dagbag.py:545} INFO - Filling up the DagBag from /opt/airflow/dags/newspipeline.py
[2024-08-01T11:26:02.100+0000] {logging_mixin.py:188} INFO - [2024-08-01T11:26:02.099+0000] {timeout.py:68} ERROR - Process timed out, PID: 70
[2024-08-01T11:26:42.240+0000] {processor.py:161} INFO - Started process (PID=85) to work on /opt/airflow/dags/newspipeline.py
[2024-08-01T11:26:42.407+0000] {processor.py:830} INFO - Processing file /opt/airflow/dags/newspipeline.py for tasks to queue
[2024-08-01T11:26:44.689+0000] {logging_mixin.py:188} INFO - [2024-08-01T11:26:43.950+0000] {dagbag.py:545} INFO - Filling up the DagBag from /opt/airflow/dags/newspipeline.py
[2024-08-01T11:27:22.951+0000] {logging_mixin.py:188} INFO - [2024-08-01T11:27:22.949+0000] {timeout.py:68} ERROR - Process timed out, PID: 85
[2024-08-01T11:28:16.065+0000] {processor.py:161} INFO - Started process (PID=93) to work on /opt/airflow/dags/newspipeline.py
[2024-08-01T11:28:16.432+0000] {processor.py:830} INFO - Processing file /opt/airflow/dags/newspipeline.py for tasks to queue
[2024-08-01T11:28:19.922+0000] {logging_mixin.py:188} INFO - [2024-08-01T11:28:19.861+0000] {dagbag.py:545} INFO - Filling up the DagBag from /opt/airflow/dags/newspipeline.py
[2024-08-01T11:29:40.606+0000] {processor.py:161} INFO - Started process (PID=101) to work on /opt/airflow/dags/newspipeline.py
[2024-08-01T11:29:41.100+0000] {processor.py:830} INFO - Processing file /opt/airflow/dags/newspipeline.py for tasks to queue
[2024-08-01T11:29:42.867+0000] {logging_mixin.py:188} INFO - [2024-08-01T11:29:42.784+0000] {dagbag.py:545} INFO - Filling up the DagBag from /opt/airflow/dags/newspipeline.py
[2024-08-01T11:31:05.928+0000] {processor.py:161} INFO - Started process (PID=103) to work on /opt/airflow/dags/newspipeline.py
[2024-08-01T11:31:06.178+0000] {processor.py:830} INFO - Processing file /opt/airflow/dags/newspipeline.py for tasks to queue
[2024-08-01T11:31:08.099+0000] {logging_mixin.py:188} INFO - [2024-08-01T11:31:08.097+0000] {dagbag.py:545} INFO - Filling up the DagBag from /opt/airflow/dags/newspipeline.py
[2024-08-01T11:33:44.952+0000] {processor.py:161} INFO - Started process (PID=116) to work on /opt/airflow/dags/newspipeline.py
[2024-08-01T11:33:49.265+0000] {processor.py:830} INFO - Processing file /opt/airflow/dags/newspipeline.py for tasks to queue
[2024-08-01T11:34:14.829+0000] {logging_mixin.py:188} INFO - [2024-08-01T11:34:14.828+0000] {dagbag.py:545} INFO - Filling up the DagBag from /opt/airflow/dags/newspipeline.py
[2024-08-01T11:36:18.079+0000] {processor.py:161} INFO - Started process (PID=134) to work on /opt/airflow/dags/newspipeline.py
[2024-08-01T11:36:18.277+0000] {processor.py:830} INFO - Processing file /opt/airflow/dags/newspipeline.py for tasks to queue
[2024-08-01T11:36:18.588+0000] {logging_mixin.py:188} INFO - [2024-08-01T11:36:18.587+0000] {dagbag.py:545} INFO - Filling up the DagBag from /opt/airflow/dags/newspipeline.py
[2024-08-01T11:38:25.652+0000] {processor.py:161} INFO - Started process (PID=135) to work on /opt/airflow/dags/newspipeline.py
[2024-08-01T11:40:16.121+0000] {processor.py:161} INFO - Started process (PID=136) to work on /opt/airflow/dags/newspipeline.py
[2024-08-01T11:40:16.626+0000] {processor.py:830} INFO - Processing file /opt/airflow/dags/newspipeline.py for tasks to queue
[2024-08-01T11:40:19.127+0000] {logging_mixin.py:188} INFO - [2024-08-01T11:40:19.126+0000] {dagbag.py:545} INFO - Filling up the DagBag from /opt/airflow/dags/newspipeline.py
[2024-08-01T11:44:41.586+0000] {processor.py:161} INFO - Started process (PID=139) to work on /opt/airflow/dags/newspipeline.py
[2024-08-01T11:44:41.702+0000] {processor.py:830} INFO - Processing file /opt/airflow/dags/newspipeline.py for tasks to queue
[2024-08-01T11:44:54.698+0000] {logging_mixin.py:188} INFO - [2024-08-01T11:44:54.093+0000] {dagbag.py:545} INFO - Filling up the DagBag from /opt/airflow/dags/newspipeline.py
[2024-08-01T11:45:56.952+0000] {processor.py:161} INFO - Started process (PID=140) to work on /opt/airflow/dags/newspipeline.py
[2024-08-01T11:45:57.241+0000] {processor.py:830} INFO - Processing file /opt/airflow/dags/newspipeline.py for tasks to queue
[2024-08-01T11:45:59.248+0000] {logging_mixin.py:188} INFO - [2024-08-01T11:45:59.248+0000] {dagbag.py:545} INFO - Filling up the DagBag from /opt/airflow/dags/newspipeline.py
[2024-08-01T11:46:57.776+0000] {processor.py:161} INFO - Started process (PID=141) to work on /opt/airflow/dags/newspipeline.py
[2024-08-01T11:46:57.777+0000] {processor.py:830} INFO - Processing file /opt/airflow/dags/newspipeline.py for tasks to queue
[2024-08-01T11:46:57.904+0000] {logging_mixin.py:188} INFO - [2024-08-01T11:46:57.903+0000] {dagbag.py:545} INFO - Filling up the DagBag from /opt/airflow/dags/newspipeline.py
[2024-08-01T13:23:46.026+0000] {processor.py:161} INFO - Started process (PID=81) to work on /opt/airflow/dags/newspipeline.py
[2024-08-01T13:23:46.353+0000] {processor.py:830} INFO - Processing file /opt/airflow/dags/newspipeline.py for tasks to queue
[2024-08-01T13:23:46.429+0000] {logging_mixin.py:188} INFO - [2024-08-01T13:23:46.428+0000] {dagbag.py:545} INFO - Filling up the DagBag from /opt/airflow/dags/newspipeline.py
[2024-08-01T13:24:26.524+0000] {logging_mixin.py:188} INFO - [2024-08-01T13:24:26.103+0000] {timeout.py:68} ERROR - Process timed out, PID: 81
[2024-08-01T13:25:14.575+0000] {processor.py:161} INFO - Started process (PID=95) to work on /opt/airflow/dags/newspipeline.py
[2024-08-01T13:25:15.170+0000] {processor.py:830} INFO - Processing file /opt/airflow/dags/newspipeline.py for tasks to queue
[2024-08-01T13:25:15.429+0000] {logging_mixin.py:188} INFO - [2024-08-01T13:25:15.429+0000] {dagbag.py:545} INFO - Filling up the DagBag from /opt/airflow/dags/newspipeline.py
[2024-08-01T13:26:08.231+0000] {logging_mixin.py:188} INFO - [2024-08-01T13:26:08.230+0000] {timeout.py:68} ERROR - Process timed out, PID: 95
[2024-08-01T13:26:42.794+0000] {processor.py:161} INFO - Started process (PID=102) to work on /opt/airflow/dags/newspipeline.py
[2024-08-01T13:26:43.115+0000] {processor.py:830} INFO - Processing file /opt/airflow/dags/newspipeline.py for tasks to queue
[2024-08-01T13:26:43.210+0000] {logging_mixin.py:188} INFO - [2024-08-01T13:26:43.180+0000] {dagbag.py:545} INFO - Filling up the DagBag from /opt/airflow/dags/newspipeline.py
[2024-08-01T13:27:23.536+0000] {logging_mixin.py:188} INFO - [2024-08-01T13:27:22.077+0000] {timeout.py:68} ERROR - Process timed out, PID: 102
[2024-08-01T13:27:54.483+0000] {processor.py:161} INFO - Started process (PID=110) to work on /opt/airflow/dags/newspipeline.py
[2024-08-01T13:27:54.484+0000] {processor.py:830} INFO - Processing file /opt/airflow/dags/newspipeline.py for tasks to queue
[2024-08-01T13:27:54.487+0000] {logging_mixin.py:188} INFO - [2024-08-01T13:27:54.486+0000] {dagbag.py:545} INFO - Filling up the DagBag from /opt/airflow/dags/newspipeline.py
[2024-08-01T13:28:24.726+0000] {logging_mixin.py:188} INFO - [2024-08-01T13:28:24.725+0000] {timeout.py:68} ERROR - Process timed out, PID: 110
