[2024-08-21T00:50:21.974+0000] {local_task_job_runner.py:120} INFO - ::group::Pre task execution logs
[2024-08-21T00:50:21.999+0000] {taskinstance.py:2076} INFO - Dependencies all met for dep_context=non-requeueable deps ti=<TaskInstance: etl_data_pipeline.extract_data manual__2024-08-21T00:49:30.528564+00:00 [queued]>
[2024-08-21T00:50:22.007+0000] {taskinstance.py:2076} INFO - Dependencies all met for dep_context=requeueable deps ti=<TaskInstance: etl_data_pipeline.extract_data manual__2024-08-21T00:49:30.528564+00:00 [queued]>
[2024-08-21T00:50:22.008+0000] {taskinstance.py:2306} INFO - Starting attempt 1 of 2
[2024-08-21T00:50:22.024+0000] {taskinstance.py:2330} INFO - Executing <Task(PythonOperator): extract_data> on 2024-08-21 00:49:30.528564+00:00
[2024-08-21T00:50:22.031+0000] {warnings.py:112} WARNING - /home/***/.local/lib/python3.12/site-packages/***/task/task_runner/standard_task_runner.py:61: DeprecationWarning: This process (pid=89) is multi-threaded, use of fork() may lead to deadlocks in the child.
  pid = os.fork()

[2024-08-21T00:50:22.033+0000] {standard_task_runner.py:63} INFO - Started process 98 to run task
[2024-08-21T00:50:22.033+0000] {standard_task_runner.py:90} INFO - Running: ['***', 'tasks', 'run', 'etl_data_pipeline', 'extract_data', 'manual__2024-08-21T00:49:30.528564+00:00', '--job-id', '19', '--raw', '--subdir', 'DAGS_FOLDER/newspipeline.py', '--cfg-path', '/tmp/tmp07g_9xt4']
[2024-08-21T00:50:22.034+0000] {standard_task_runner.py:91} INFO - Job 19: Subtask extract_data
[2024-08-21T00:50:22.133+0000] {task_command.py:426} INFO - Running <TaskInstance: etl_data_pipeline.extract_data manual__2024-08-21T00:49:30.528564+00:00 [running]> on host 986f1fc413c3
[2024-08-21T00:50:22.209+0000] {taskinstance.py:2648} INFO - Exporting env vars: AIRFLOW_CTX_DAG_OWNER='***' AIRFLOW_CTX_DAG_ID='etl_data_pipeline' AIRFLOW_CTX_TASK_ID='extract_data' AIRFLOW_CTX_EXECUTION_DATE='2024-08-21T00:49:30.528564+00:00' AIRFLOW_CTX_TRY_NUMBER='1' AIRFLOW_CTX_DAG_RUN_ID='manual__2024-08-21T00:49:30.528564+00:00'
[2024-08-21T00:50:22.210+0000] {taskinstance.py:430} INFO - ::endgroup::
[2024-08-21T00:50:24.075+0000] {logging_mixin.py:188} INFO - Successfully saved 100 articles to ai_news_articles.json and ai_news_articles.csv
[2024-08-21T00:50:24.075+0000] {python.py:237} INFO - Done. Returned value was:                     uri  ...                                              image
0            8284009030  ...  http://island.lk/wp-content/uploads/2024/08/Pi...
1            8284015420  ...  https://smartcdn.gprod.postmedia.digital/finan...
2            8284015288  ...  https://images.foxtv.com/static.fox5dc.com/www...
3            8284013860  ...              https://cryptorank.io/static/logo.png
4          b-8284013370  ...  https://substackcdn.com/image/fetch/f_auto,q_a...
..                  ...  ...                                                ...
95    2024-08-460427551  ...  https://images.axios.com/yBEXnVtVLim6-MWq1QE45...
96         b-8283966789  ...                                               None
97  b-2024-08-460427241  ...           https://menafn.com/includes/img/logo.jpg
98  b-2024-08-460427310  ...  https://menafn.com/updates/pr/2024-08/20/TC_81...
99           8283965360  ...              https://cryptorank.io/static/logo.png

[100 rows x 9 columns]
[2024-08-21T00:50:24.114+0000] {taskinstance.py:441} INFO - ::group::Post task execution logs
[2024-08-21T00:50:24.347+0000] {taskinstance.py:1206} INFO - Marking task as SUCCESS. dag_id=etl_data_pipeline, task_id=extract_data, run_id=manual__2024-08-21T00:49:30.528564+00:00, execution_date=20240821T004930, start_date=20240821T005022, end_date=20240821T005024
[2024-08-21T00:50:24.375+0000] {local_task_job_runner.py:240} INFO - Task exited with return code 0
[2024-08-21T00:50:24.398+0000] {taskinstance.py:3503} INFO - 1 downstream tasks scheduled from follow-on schedule check
[2024-08-21T00:50:24.400+0000] {local_task_job_runner.py:222} INFO - ::endgroup::
