[2024-08-20T23:32:52.736+0000] {local_task_job_runner.py:120} INFO - ::group::Pre task execution logs
[2024-08-20T23:32:52.760+0000] {taskinstance.py:2076} INFO - Dependencies all met for dep_context=non-requeueable deps ti=<TaskInstance: etl_data_pipeline.extract_data manual__2024-08-20T23:25:39.553846+00:00 [queued]>
[2024-08-20T23:32:52.766+0000] {taskinstance.py:2076} INFO - Dependencies all met for dep_context=requeueable deps ti=<TaskInstance: etl_data_pipeline.extract_data manual__2024-08-20T23:25:39.553846+00:00 [queued]>
[2024-08-20T23:32:52.766+0000] {taskinstance.py:2306} INFO - Starting attempt 2 of 2
[2024-08-20T23:32:52.779+0000] {taskinstance.py:2330} INFO - Executing <Task(PythonOperator): extract_data> on 2024-08-20 23:25:39.553846+00:00
[2024-08-20T23:32:52.785+0000] {warnings.py:112} WARNING - /home/***/.local/lib/python3.12/site-packages/***/task/task_runner/standard_task_runner.py:61: DeprecationWarning: This process (pid=199) is multi-threaded, use of fork() may lead to deadlocks in the child.
  pid = os.fork()

[2024-08-20T23:32:52.787+0000] {standard_task_runner.py:63} INFO - Started process 201 to run task
[2024-08-20T23:32:52.787+0000] {standard_task_runner.py:90} INFO - Running: ['***', 'tasks', 'run', 'etl_data_pipeline', 'extract_data', 'manual__2024-08-20T23:25:39.553846+00:00', '--job-id', '5', '--raw', '--subdir', 'DAGS_FOLDER/newspipeline.py', '--cfg-path', '/tmp/tmpvvfgscbw']
[2024-08-20T23:32:52.788+0000] {standard_task_runner.py:91} INFO - Job 5: Subtask extract_data
[2024-08-20T23:32:52.825+0000] {task_command.py:426} INFO - Running <TaskInstance: etl_data_pipeline.extract_data manual__2024-08-20T23:25:39.553846+00:00 [running]> on host c84336c364d1
[2024-08-20T23:32:52.901+0000] {taskinstance.py:2648} INFO - Exporting env vars: AIRFLOW_CTX_DAG_OWNER='***' AIRFLOW_CTX_DAG_ID='etl_data_pipeline' AIRFLOW_CTX_TASK_ID='extract_data' AIRFLOW_CTX_EXECUTION_DATE='2024-08-20T23:25:39.553846+00:00' AIRFLOW_CTX_TRY_NUMBER='2' AIRFLOW_CTX_DAG_RUN_ID='manual__2024-08-20T23:25:39.553846+00:00'
[2024-08-20T23:32:52.902+0000] {taskinstance.py:430} INFO - ::endgroup::
[2024-08-20T23:32:54.660+0000] {logging_mixin.py:188} INFO - Successfully saved 100 articles to ai_news_articles.json and ai_news_articles.csv
[2024-08-20T23:32:54.661+0000] {python.py:237} INFO - Done. Returned value was:                   uri  ...                                              image
0          8283959129  ...  https://stmaaprodfwsite.blob.core.windows.net/...
1        b-8283957971  ...  https://substackcdn.com/image/fetch/f_auto,q_a...
2          8283955764  ...  https://www.thestandard.com.hk/newsImage/20240...
3          8283957307  ...  https://cdn.globalagmedia.com/misc/M2-Magazine...
4          8283957172  ...  https://s.yimg.com/ny/api/res/1.2/.1UJI6Fnb8hZ...
..                ...  ...                                                ...
95  2024-08-460380190  ...  https://i0.wp.com/www.webpronews.com/wp-conten...
96         8283893207  ...  https://assets.finbold.com/uploads/2024/08/1-8...
97       b-8283890516  ...  https://cdn.newscj.com/news/thumbnail/202408/3...
98         8283891830  ...  https://i-invdn-com.investing.com/news/fa8a2f8...
99       b-8283888419  ...  https://www.americanbankingnews.com/wp-content...

[100 rows x 9 columns]
[2024-08-20T23:32:54.772+0000] {taskinstance.py:441} INFO - ::group::Post task execution logs
[2024-08-20T23:32:54.978+0000] {taskinstance.py:1206} INFO - Marking task as SUCCESS. dag_id=etl_data_pipeline, task_id=extract_data, run_id=manual__2024-08-20T23:25:39.553846+00:00, execution_date=20240820T232539, start_date=20240820T233252, end_date=20240820T233254
[2024-08-20T23:32:55.007+0000] {local_task_job_runner.py:240} INFO - Task exited with return code 0
[2024-08-20T23:32:55.080+0000] {taskinstance.py:3503} INFO - 1 downstream tasks scheduled from follow-on schedule check
[2024-08-20T23:32:55.082+0000] {local_task_job_runner.py:222} INFO - ::endgroup::
