[2024-07-11T13:43:08.193+0000] {processor.py:161} INFO - Started process (PID=25) to work on /opt/airflow/dags/newspipeline.py
[2024-07-11T13:43:08.195+0000] {processor.py:830} INFO - Processing file /opt/airflow/dags/newspipeline.py for tasks to queue
[2024-07-11T13:43:08.202+0000] {logging_mixin.py:188} INFO - [2024-07-11T13:43:08.202+0000] {dagbag.py:545} INFO - Filling up the DagBag from /opt/airflow/dags/newspipeline.py
[2024-07-11T13:43:38.281+0000] {logging_mixin.py:188} INFO - [2024-07-11T13:43:38.279+0000] {timeout.py:68} ERROR - Process timed out, PID: 25
[2024-07-11T13:44:09.478+0000] {processor.py:161} INFO - Started process (PID=40) to work on /opt/airflow/dags/newspipeline.py
[2024-07-11T13:44:09.800+0000] {processor.py:830} INFO - Processing file /opt/airflow/dags/newspipeline.py for tasks to queue
[2024-07-11T13:44:09.811+0000] {logging_mixin.py:188} INFO - [2024-07-11T13:44:09.808+0000] {dagbag.py:545} INFO - Filling up the DagBag from /opt/airflow/dags/newspipeline.py
[2024-07-11T13:44:40.198+0000] {logging_mixin.py:188} INFO - [2024-07-11T13:44:39.980+0000] {timeout.py:68} ERROR - Process timed out, PID: 40
[2024-07-11T13:45:12.045+0000] {processor.py:161} INFO - Started process (PID=61) to work on /opt/airflow/dags/newspipeline.py
[2024-07-11T13:45:12.047+0000] {processor.py:830} INFO - Processing file /opt/airflow/dags/newspipeline.py for tasks to queue
[2024-07-11T13:45:12.050+0000] {logging_mixin.py:188} INFO - [2024-07-11T13:45:12.050+0000] {dagbag.py:545} INFO - Filling up the DagBag from /opt/airflow/dags/newspipeline.py
[2024-07-11T13:45:42.511+0000] {logging_mixin.py:188} INFO - [2024-07-11T13:45:42.510+0000] {timeout.py:68} ERROR - Process timed out, PID: 61
[2024-07-11T13:46:13.623+0000] {processor.py:161} INFO - Started process (PID=74) to work on /opt/airflow/dags/newspipeline.py
[2024-07-11T13:46:13.624+0000] {processor.py:830} INFO - Processing file /opt/airflow/dags/newspipeline.py for tasks to queue
[2024-07-11T13:46:13.626+0000] {logging_mixin.py:188} INFO - [2024-07-11T13:46:13.626+0000] {dagbag.py:545} INFO - Filling up the DagBag from /opt/airflow/dags/newspipeline.py
[2024-07-11T13:46:43.679+0000] {logging_mixin.py:188} INFO - [2024-07-11T13:46:43.642+0000] {timeout.py:68} ERROR - Process timed out, PID: 74
[2024-07-11T13:47:14.357+0000] {processor.py:161} INFO - Started process (PID=82) to work on /opt/airflow/dags/newspipeline.py
[2024-07-11T13:47:14.358+0000] {processor.py:830} INFO - Processing file /opt/airflow/dags/newspipeline.py for tasks to queue
[2024-07-11T13:47:14.360+0000] {logging_mixin.py:188} INFO - [2024-07-11T13:47:14.360+0000] {dagbag.py:545} INFO - Filling up the DagBag from /opt/airflow/dags/newspipeline.py
[2024-07-11T13:47:44.778+0000] {logging_mixin.py:188} INFO - [2024-07-11T13:47:44.777+0000] {timeout.py:68} ERROR - Process timed out, PID: 82
[2024-07-11T13:48:15.309+0000] {processor.py:161} INFO - Started process (PID=95) to work on /opt/airflow/dags/newspipeline.py
[2024-07-11T13:48:15.310+0000] {processor.py:830} INFO - Processing file /opt/airflow/dags/newspipeline.py for tasks to queue
[2024-07-11T13:48:15.311+0000] {logging_mixin.py:188} INFO - [2024-07-11T13:48:15.311+0000] {dagbag.py:545} INFO - Filling up the DagBag from /opt/airflow/dags/newspipeline.py
[2024-07-11T13:48:35.402+0000] {logging_mixin.py:188} INFO - Successfully saved 1000 articles to ai_news_articles.json and ai_news_articles.csv
[2024-07-11T13:48:36.012+0000] {logging_mixin.py:188} INFO - Successfully loaded data into news_articles table
[2024-07-11T13:48:36.027+0000] {processor.py:840} INFO - DAG(s) 'etl_data_pipeline' retrieved from /opt/airflow/dags/newspipeline.py
[2024-07-11T13:48:36.220+0000] {logging_mixin.py:188} INFO - [2024-07-11T13:48:36.219+0000] {dag.py:3096} INFO - Sync 1 DAGs
[2024-07-11T13:48:36.268+0000] {logging_mixin.py:188} INFO - [2024-07-11T13:48:36.268+0000] {dag.py:3954} INFO - Setting next_dagrun for etl_data_pipeline to 2024-07-10 00:00:00+00:00, run_after=2024-07-11 00:00:00+00:00
[2024-07-11T13:48:36.316+0000] {processor.py:183} INFO - Processing /opt/airflow/dags/newspipeline.py took 21.008 seconds
[2024-07-11T13:49:06.479+0000] {processor.py:161} INFO - Started process (PID=109) to work on /opt/airflow/dags/newspipeline.py
[2024-07-11T13:49:06.480+0000] {processor.py:830} INFO - Processing file /opt/airflow/dags/newspipeline.py for tasks to queue
[2024-07-11T13:49:06.482+0000] {logging_mixin.py:188} INFO - [2024-07-11T13:49:06.482+0000] {dagbag.py:545} INFO - Filling up the DagBag from /opt/airflow/dags/newspipeline.py
[2024-07-11T13:49:36.498+0000] {logging_mixin.py:188} INFO - [2024-07-11T13:49:36.496+0000] {timeout.py:68} ERROR - Process timed out, PID: 109
[2024-07-11T13:50:06.669+0000] {processor.py:161} INFO - Started process (PID=122) to work on /opt/airflow/dags/newspipeline.py
[2024-07-11T13:50:06.671+0000] {processor.py:830} INFO - Processing file /opt/airflow/dags/newspipeline.py for tasks to queue
[2024-07-11T13:50:06.672+0000] {logging_mixin.py:188} INFO - [2024-07-11T13:50:06.672+0000] {dagbag.py:545} INFO - Filling up the DagBag from /opt/airflow/dags/newspipeline.py
[2024-07-11T13:50:26.426+0000] {logging_mixin.py:188} INFO - Successfully saved 1000 articles to ai_news_articles.json and ai_news_articles.csv
[2024-07-11T13:50:26.994+0000] {logging_mixin.py:188} INFO - Successfully loaded data into news_articles table
[2024-07-11T13:50:27.021+0000] {processor.py:840} INFO - DAG(s) 'etl_data_pipeline' retrieved from /opt/airflow/dags/newspipeline.py
[2024-07-11T13:50:27.261+0000] {logging_mixin.py:188} INFO - [2024-07-11T13:50:27.261+0000] {dag.py:3096} INFO - Sync 1 DAGs
[2024-07-11T13:50:27.285+0000] {logging_mixin.py:188} INFO - [2024-07-11T13:50:27.284+0000] {dag.py:3954} INFO - Setting next_dagrun for etl_data_pipeline to 2024-07-10 00:00:00+00:00, run_after=2024-07-11 00:00:00+00:00
[2024-07-11T13:50:27.315+0000] {processor.py:183} INFO - Processing /opt/airflow/dags/newspipeline.py took 20.653 seconds
