[2024-08-21T00:08:11.237+0000] {local_task_job_runner.py:120} INFO - ::group::Pre task execution logs
[2024-08-21T00:08:11.277+0000] {taskinstance.py:2076} INFO - Dependencies all met for dep_context=non-requeueable deps ti=<TaskInstance: etl_data_pipeline.extract_data manual__2024-08-21T00:00:13.344876+00:00 [queued]>
[2024-08-21T00:08:11.284+0000] {taskinstance.py:2076} INFO - Dependencies all met for dep_context=requeueable deps ti=<TaskInstance: etl_data_pipeline.extract_data manual__2024-08-21T00:00:13.344876+00:00 [queued]>
[2024-08-21T00:08:11.285+0000] {taskinstance.py:2306} INFO - Starting attempt 2 of 2
[2024-08-21T00:08:11.302+0000] {taskinstance.py:2330} INFO - Executing <Task(PythonOperator): extract_data> on 2024-08-21 00:00:13.344876+00:00
[2024-08-21T00:08:11.311+0000] {warnings.py:112} WARNING - /home/***/.local/lib/python3.12/site-packages/***/task/task_runner/standard_task_runner.py:61: DeprecationWarning: This process (pid=290) is multi-threaded, use of fork() may lead to deadlocks in the child.
  pid = os.fork()

[2024-08-21T00:08:11.314+0000] {standard_task_runner.py:63} INFO - Started process 302 to run task
[2024-08-21T00:08:11.314+0000] {standard_task_runner.py:90} INFO - Running: ['***', 'tasks', 'run', 'etl_data_pipeline', 'extract_data', 'manual__2024-08-21T00:00:13.344876+00:00', '--job-id', '12', '--raw', '--subdir', 'DAGS_FOLDER/newspipeline.py', '--cfg-path', '/tmp/tmpdsgam1d7']
[2024-08-21T00:08:11.315+0000] {standard_task_runner.py:91} INFO - Job 12: Subtask extract_data
[2024-08-21T00:08:11.368+0000] {task_command.py:426} INFO - Running <TaskInstance: etl_data_pipeline.extract_data manual__2024-08-21T00:00:13.344876+00:00 [running]> on host dd57960a5ad3
[2024-08-21T00:08:11.454+0000] {taskinstance.py:2648} INFO - Exporting env vars: AIRFLOW_CTX_DAG_OWNER='***' AIRFLOW_CTX_DAG_ID='etl_data_pipeline' AIRFLOW_CTX_TASK_ID='extract_data' AIRFLOW_CTX_EXECUTION_DATE='2024-08-21T00:00:13.344876+00:00' AIRFLOW_CTX_TRY_NUMBER='2' AIRFLOW_CTX_DAG_RUN_ID='manual__2024-08-21T00:00:13.344876+00:00'
[2024-08-21T00:08:11.455+0000] {taskinstance.py:430} INFO - ::endgroup::
[2024-08-21T00:08:13.212+0000] {logging_mixin.py:188} INFO - Successfully saved 100 articles to ai_news_articles.json and ai_news_articles.csv
[2024-08-21T00:08:13.213+0000] {python.py:237} INFO - Done. Returned value was:                   uri  ...                                              image
0          8283983955  ...  https://cdn.ttgtmedia.com/rms/onlineimages/dis...
1          8283983824  ...  http://img2.chinadaily.com.cn/images/202408/21...
2          8283981916  ...  https://i.tribune.com.pk/media/images/31172419...
3        b-8283981650  ...  https://ktvz.b-cdn.net/2024/08/guava-health-ai...
4          8283982164  ...  https://static.toiimg.com/thumb/msid-112666443...
..                ...  ...                                                ...
95         8283940246  ...  https://images.foxtv.com/static.fox13news.com/...
96         8283938795  ...  https://cassette.sphdigital.com.sg/image/busin...
97         8283940174  ...  https://www.pymnts.com/wp-content/uploads/2024...
98         8283938735  ...  https://www.regulationasia.com/wp-content/uplo...
99  2024-08-460410136  ...  https://i-invdn-com.investing.com/news/LYNXNPE...

[100 rows x 9 columns]
[2024-08-21T00:08:13.238+0000] {taskinstance.py:441} INFO - ::group::Post task execution logs
[2024-08-21T00:08:13.318+0000] {taskinstance.py:1206} INFO - Marking task as SUCCESS. dag_id=etl_data_pipeline, task_id=extract_data, run_id=manual__2024-08-21T00:00:13.344876+00:00, execution_date=20240821T000013, start_date=20240821T000811, end_date=20240821T000813
[2024-08-21T00:08:13.371+0000] {local_task_job_runner.py:240} INFO - Task exited with return code 0
[2024-08-21T00:08:13.405+0000] {taskinstance.py:3503} INFO - 0 downstream tasks scheduled from follow-on schedule check
[2024-08-21T00:08:13.409+0000] {local_task_job_runner.py:222} INFO - ::endgroup::
