[2024-09-06T08:12:17.866+0000] {local_task_job_runner.py:120} INFO - ::group::Pre task execution logs
[2024-09-06T08:12:17.931+0000] {taskinstance.py:2076} INFO - Dependencies all met for dep_context=non-requeueable deps ti=<TaskInstance: etl_data_pipeline.load_data_to_postgres manual__2024-09-06T08:12:09.501899+00:00 [queued]>
[2024-09-06T08:12:17.941+0000] {taskinstance.py:2076} INFO - Dependencies all met for dep_context=requeueable deps ti=<TaskInstance: etl_data_pipeline.load_data_to_postgres manual__2024-09-06T08:12:09.501899+00:00 [queued]>
[2024-09-06T08:12:17.941+0000] {taskinstance.py:2306} INFO - Starting attempt 1 of 2
[2024-09-06T08:12:17.960+0000] {taskinstance.py:2330} INFO - Executing <Task(PythonOperator): load_data_to_postgres> on 2024-09-06 08:12:09.501899+00:00
[2024-09-06T08:12:17.966+0000] {warnings.py:112} WARNING - /home/***/.local/lib/python3.12/site-packages/***/task/task_runner/standard_task_runner.py:61: DeprecationWarning: This process (pid=323) is multi-threaded, use of fork() may lead to deadlocks in the child.
  pid = os.fork()

[2024-09-06T08:12:17.968+0000] {standard_task_runner.py:63} INFO - Started process 327 to run task
[2024-09-06T08:12:17.968+0000] {standard_task_runner.py:90} INFO - Running: ['***', 'tasks', 'run', 'etl_data_pipeline', 'load_data_to_postgres', 'manual__2024-09-06T08:12:09.501899+00:00', '--job-id', '26', '--raw', '--subdir', 'DAGS_FOLDER/newspipeline.py', '--cfg-path', '/tmp/tmpficvz2cg']
[2024-09-06T08:12:17.969+0000] {standard_task_runner.py:91} INFO - Job 26: Subtask load_data_to_postgres
[2024-09-06T08:12:18.023+0000] {task_command.py:426} INFO - Running <TaskInstance: etl_data_pipeline.load_data_to_postgres manual__2024-09-06T08:12:09.501899+00:00 [running]> on host ca47fb49acc7
[2024-09-06T08:12:23.084+0000] {taskinstance.py:2648} INFO - Exporting env vars: AIRFLOW_CTX_DAG_OWNER='***' AIRFLOW_CTX_DAG_ID='etl_data_pipeline' AIRFLOW_CTX_TASK_ID='load_data_to_postgres' AIRFLOW_CTX_EXECUTION_DATE='2024-09-06T08:12:09.501899+00:00' AIRFLOW_CTX_TRY_NUMBER='1' AIRFLOW_CTX_DAG_RUN_ID='manual__2024-09-06T08:12:09.501899+00:00'
[2024-09-06T08:12:23.086+0000] {taskinstance.py:430} INFO - ::endgroup::
[2024-09-06T08:12:23.749+0000] {logging_mixin.py:188} INFO - Successfully loaded data into news_articles table
[2024-09-06T08:12:23.756+0000] {python.py:237} INFO - Done. Returned value was: None
[2024-09-06T08:12:23.756+0000] {taskinstance.py:441} INFO - ::group::Post task execution logs
[2024-09-06T08:12:23.914+0000] {taskinstance.py:1206} INFO - Marking task as SUCCESS. dag_id=etl_data_pipeline, task_id=load_data_to_postgres, run_id=manual__2024-09-06T08:12:09.501899+00:00, execution_date=20240906T081209, start_date=20240906T081217, end_date=20240906T081223
[2024-09-06T08:12:24.017+0000] {local_task_job_runner.py:240} INFO - Task exited with return code 0
[2024-09-06T08:12:24.039+0000] {taskinstance.py:3503} INFO - 0 downstream tasks scheduled from follow-on schedule check
[2024-09-06T08:12:24.041+0000] {local_task_job_runner.py:222} INFO - ::endgroup::
