[2024-08-17T23:10:31.413+0000] {processor.py:161} INFO - Started process (PID=55) to work on /opt/airflow/dags/newspipeline.py
[2024-08-17T23:10:31.429+0000] {processor.py:830} INFO - Processing file /opt/airflow/dags/newspipeline.py for tasks to queue
[2024-08-17T23:10:31.431+0000] {logging_mixin.py:188} INFO - [2024-08-17T23:10:31.431+0000] {dagbag.py:545} INFO - Filling up the DagBag from /opt/airflow/dags/newspipeline.py
[2024-08-17T23:10:58.548+0000] {logging_mixin.py:188} INFO - Successfully saved 1000 articles to ai_news_articles.json and ai_news_articles.csv
[2024-08-17T23:10:59.668+0000] {logging_mixin.py:188} INFO - Successfully loaded data into news_articles table
[2024-08-17T23:10:59.715+0000] {processor.py:840} INFO - DAG(s) 'etl_data_pipeline' retrieved from /opt/airflow/dags/newspipeline.py
[2024-08-17T23:11:00.010+0000] {logging_mixin.py:188} INFO - [2024-08-17T23:11:00.010+0000] {override.py:1829} INFO - Created Permission View: can delete on DAG:etl_data_pipeline
[2024-08-17T23:11:00.021+0000] {logging_mixin.py:188} INFO - [2024-08-17T23:11:00.020+0000] {override.py:1829} INFO - Created Permission View: can read on DAG:etl_data_pipeline
[2024-08-17T23:11:00.029+0000] {logging_mixin.py:188} INFO - [2024-08-17T23:11:00.028+0000] {override.py:1829} INFO - Created Permission View: can edit on DAG:etl_data_pipeline
[2024-08-17T23:11:00.029+0000] {logging_mixin.py:188} INFO - [2024-08-17T23:11:00.029+0000] {dag.py:3096} INFO - Sync 1 DAGs
[2024-08-17T23:11:00.040+0000] {logging_mixin.py:188} INFO - [2024-08-17T23:11:00.040+0000] {dag.py:3118} INFO - Creating ORM DAG for etl_data_pipeline
[2024-08-17T23:11:00.052+0000] {logging_mixin.py:188} INFO - [2024-08-17T23:11:00.052+0000] {dag.py:3954} INFO - Setting next_dagrun for etl_data_pipeline to 2024-08-16 00:00:00+00:00, run_after=2024-08-17 00:00:00+00:00
[2024-08-17T23:11:00.068+0000] {processor.py:183} INFO - Processing /opt/airflow/dags/newspipeline.py took 28.666 seconds
[2024-08-17T23:11:30.207+0000] {processor.py:161} INFO - Started process (PID=70) to work on /opt/airflow/dags/newspipeline.py
[2024-08-17T23:11:30.208+0000] {processor.py:830} INFO - Processing file /opt/airflow/dags/newspipeline.py for tasks to queue
[2024-08-17T23:11:30.211+0000] {logging_mixin.py:188} INFO - [2024-08-17T23:11:30.209+0000] {dagbag.py:545} INFO - Filling up the DagBag from /opt/airflow/dags/newspipeline.py
[2024-08-17T23:12:00.390+0000] {logging_mixin.py:188} INFO - [2024-08-17T23:12:00.270+0000] {timeout.py:68} ERROR - Process timed out, PID: 70
[2024-08-17T23:12:31.042+0000] {processor.py:161} INFO - Started process (PID=77) to work on /opt/airflow/dags/newspipeline.py
[2024-08-17T23:12:31.043+0000] {processor.py:830} INFO - Processing file /opt/airflow/dags/newspipeline.py for tasks to queue
[2024-08-17T23:12:31.046+0000] {logging_mixin.py:188} INFO - [2024-08-17T23:12:31.046+0000] {dagbag.py:545} INFO - Filling up the DagBag from /opt/airflow/dags/newspipeline.py
[2024-08-17T23:13:01.637+0000] {logging_mixin.py:188} INFO - [2024-08-17T23:13:01.278+0000] {timeout.py:68} ERROR - Process timed out, PID: 77
[2024-08-17T23:13:35.728+0000] {processor.py:161} INFO - Started process (PID=85) to work on /opt/airflow/dags/newspipeline.py
[2024-08-17T23:13:35.768+0000] {processor.py:830} INFO - Processing file /opt/airflow/dags/newspipeline.py for tasks to queue
[2024-08-17T23:13:35.771+0000] {logging_mixin.py:188} INFO - [2024-08-17T23:13:35.769+0000] {dagbag.py:545} INFO - Filling up the DagBag from /opt/airflow/dags/newspipeline.py
[2024-08-17T23:14:07.326+0000] {logging_mixin.py:188} INFO - [2024-08-17T23:14:06.098+0000] {timeout.py:68} ERROR - Process timed out, PID: 85
[2024-08-17T23:14:40.963+0000] {processor.py:161} INFO - Started process (PID=99) to work on /opt/airflow/dags/newspipeline.py
[2024-08-17T23:14:40.964+0000] {processor.py:830} INFO - Processing file /opt/airflow/dags/newspipeline.py for tasks to queue
[2024-08-17T23:14:40.965+0000] {logging_mixin.py:188} INFO - [2024-08-17T23:14:40.965+0000] {dagbag.py:545} INFO - Filling up the DagBag from /opt/airflow/dags/newspipeline.py
[2024-08-17T23:15:13.025+0000] {logging_mixin.py:188} INFO - [2024-08-17T23:15:11.797+0000] {timeout.py:68} ERROR - Process timed out, PID: 99
[2024-08-17T23:16:49.383+0000] {processor.py:161} INFO - Started process (PID=114) to work on /opt/airflow/dags/newspipeline.py
[2024-08-17T23:16:49.384+0000] {processor.py:830} INFO - Processing file /opt/airflow/dags/newspipeline.py for tasks to queue
[2024-08-17T23:16:49.385+0000] {logging_mixin.py:188} INFO - [2024-08-17T23:16:49.385+0000] {dagbag.py:545} INFO - Filling up the DagBag from /opt/airflow/dags/newspipeline.py
[2024-08-17T23:16:56.969+0000] {logging_mixin.py:188} INFO - Successfully saved 1000 articles to ai_news_articles.json and ai_news_articles.csv
[2024-08-17T23:16:57.454+0000] {logging_mixin.py:188} INFO - Successfully loaded data into news_articles table
[2024-08-17T23:16:57.465+0000] {processor.py:840} INFO - DAG(s) 'etl_data_pipeline' retrieved from /opt/airflow/dags/newspipeline.py
[2024-08-17T23:16:57.613+0000] {logging_mixin.py:188} INFO - [2024-08-17T23:16:57.613+0000] {dag.py:3096} INFO - Sync 1 DAGs
[2024-08-17T23:16:57.633+0000] {logging_mixin.py:188} INFO - [2024-08-17T23:16:57.633+0000] {dag.py:3954} INFO - Setting next_dagrun for etl_data_pipeline to 2024-08-16 00:00:00+00:00, run_after=2024-08-17 00:00:00+00:00
[2024-08-17T23:16:57.651+0000] {processor.py:183} INFO - Processing /opt/airflow/dags/newspipeline.py took 8.285 seconds
[2024-08-17T23:17:27.782+0000] {processor.py:161} INFO - Started process (PID=128) to work on /opt/airflow/dags/newspipeline.py
[2024-08-17T23:17:27.783+0000] {processor.py:830} INFO - Processing file /opt/airflow/dags/newspipeline.py for tasks to queue
[2024-08-17T23:17:27.784+0000] {logging_mixin.py:188} INFO - [2024-08-17T23:17:27.784+0000] {dagbag.py:545} INFO - Filling up the DagBag from /opt/airflow/dags/newspipeline.py
[2024-08-17T23:17:34.103+0000] {logging_mixin.py:188} INFO - Successfully saved 1000 articles to ai_news_articles.json and ai_news_articles.csv
[2024-08-17T23:17:34.513+0000] {logging_mixin.py:188} INFO - Successfully loaded data into news_articles table
[2024-08-17T23:17:34.517+0000] {processor.py:840} INFO - DAG(s) 'etl_data_pipeline' retrieved from /opt/airflow/dags/newspipeline.py
[2024-08-17T23:17:34.537+0000] {logging_mixin.py:188} INFO - [2024-08-17T23:17:34.537+0000] {dag.py:3096} INFO - Sync 1 DAGs
[2024-08-17T23:17:34.553+0000] {logging_mixin.py:188} INFO - [2024-08-17T23:17:34.553+0000] {dag.py:3954} INFO - Setting next_dagrun for etl_data_pipeline to 2024-08-16 00:00:00+00:00, run_after=2024-08-17 00:00:00+00:00
[2024-08-17T23:17:34.567+0000] {processor.py:183} INFO - Processing /opt/airflow/dags/newspipeline.py took 6.791 seconds
[2024-08-17T23:18:04.699+0000] {processor.py:161} INFO - Started process (PID=136) to work on /opt/airflow/dags/newspipeline.py
[2024-08-17T23:18:04.700+0000] {processor.py:830} INFO - Processing file /opt/airflow/dags/newspipeline.py for tasks to queue
[2024-08-17T23:18:04.701+0000] {logging_mixin.py:188} INFO - [2024-08-17T23:18:04.701+0000] {dagbag.py:545} INFO - Filling up the DagBag from /opt/airflow/dags/newspipeline.py
[2024-08-17T23:18:12.031+0000] {logging_mixin.py:188} INFO - Successfully saved 1000 articles to ai_news_articles.json and ai_news_articles.csv
[2024-08-17T23:18:12.445+0000] {logging_mixin.py:188} INFO - Successfully loaded data into news_articles table
[2024-08-17T23:18:12.450+0000] {processor.py:840} INFO - DAG(s) 'etl_data_pipeline' retrieved from /opt/airflow/dags/newspipeline.py
[2024-08-17T23:18:12.469+0000] {logging_mixin.py:188} INFO - [2024-08-17T23:18:12.469+0000] {dag.py:3096} INFO - Sync 1 DAGs
[2024-08-17T23:18:12.485+0000] {logging_mixin.py:188} INFO - [2024-08-17T23:18:12.485+0000] {dag.py:3954} INFO - Setting next_dagrun for etl_data_pipeline to 2024-08-16 00:00:00+00:00, run_after=2024-08-17 00:00:00+00:00
[2024-08-17T23:18:12.504+0000] {processor.py:183} INFO - Processing /opt/airflow/dags/newspipeline.py took 7.811 seconds
[2024-08-17T23:18:42.657+0000] {processor.py:161} INFO - Started process (PID=144) to work on /opt/airflow/dags/newspipeline.py
[2024-08-17T23:18:42.658+0000] {processor.py:830} INFO - Processing file /opt/airflow/dags/newspipeline.py for tasks to queue
[2024-08-17T23:18:42.659+0000] {logging_mixin.py:188} INFO - [2024-08-17T23:18:42.659+0000] {dagbag.py:545} INFO - Filling up the DagBag from /opt/airflow/dags/newspipeline.py
[2024-08-17T23:18:54.149+0000] {logging_mixin.py:188} INFO - Successfully saved 1000 articles to ai_news_articles.json and ai_news_articles.csv
[2024-08-17T23:18:54.597+0000] {logging_mixin.py:188} INFO - Successfully loaded data into news_articles table
[2024-08-17T23:18:54.603+0000] {processor.py:840} INFO - DAG(s) 'etl_data_pipeline' retrieved from /opt/airflow/dags/newspipeline.py
[2024-08-17T23:18:54.629+0000] {logging_mixin.py:188} INFO - [2024-08-17T23:18:54.629+0000] {dag.py:3096} INFO - Sync 1 DAGs
[2024-08-17T23:18:54.646+0000] {logging_mixin.py:188} INFO - [2024-08-17T23:18:54.646+0000] {dag.py:3954} INFO - Setting next_dagrun for etl_data_pipeline to 2024-08-16 00:00:00+00:00, run_after=2024-08-17 00:00:00+00:00
[2024-08-17T23:18:54.664+0000] {processor.py:183} INFO - Processing /opt/airflow/dags/newspipeline.py took 12.014 seconds
[2024-08-17T23:19:24.841+0000] {processor.py:161} INFO - Started process (PID=158) to work on /opt/airflow/dags/newspipeline.py
[2024-08-17T23:19:24.842+0000] {processor.py:830} INFO - Processing file /opt/airflow/dags/newspipeline.py for tasks to queue
[2024-08-17T23:19:24.848+0000] {logging_mixin.py:188} INFO - [2024-08-17T23:19:24.844+0000] {dagbag.py:545} INFO - Filling up the DagBag from /opt/airflow/dags/newspipeline.py
[2024-08-17T23:19:44.742+0000] {logging_mixin.py:188} INFO - Successfully saved 1000 articles to ai_news_articles.json and ai_news_articles.csv
[2024-08-17T23:19:53.651+0000] {logging_mixin.py:188} INFO - Successfully loaded data into news_articles table
[2024-08-17T23:19:53.681+0000] {processor.py:840} INFO - DAG(s) 'etl_data_pipeline' retrieved from /opt/airflow/dags/newspipeline.py
[2024-08-17T23:19:53.890+0000] {logging_mixin.py:188} INFO - [2024-08-17T23:19:53.889+0000] {dag.py:3096} INFO - Sync 1 DAGs
[2024-08-17T23:19:53.933+0000] {logging_mixin.py:188} INFO - [2024-08-17T23:19:53.933+0000] {dag.py:3954} INFO - Setting next_dagrun for etl_data_pipeline to 2024-08-16 00:00:00+00:00, run_after=2024-08-17 00:00:00+00:00
[2024-08-17T23:19:53.957+0000] {processor.py:183} INFO - Processing /opt/airflow/dags/newspipeline.py took 29.126 seconds
[2024-08-17T23:20:24.065+0000] {processor.py:161} INFO - Started process (PID=172) to work on /opt/airflow/dags/newspipeline.py
[2024-08-17T23:20:24.066+0000] {processor.py:830} INFO - Processing file /opt/airflow/dags/newspipeline.py for tasks to queue
[2024-08-17T23:20:24.069+0000] {logging_mixin.py:188} INFO - [2024-08-17T23:20:24.067+0000] {dagbag.py:545} INFO - Filling up the DagBag from /opt/airflow/dags/newspipeline.py
[2024-08-17T23:20:54.480+0000] {logging_mixin.py:188} INFO - [2024-08-17T23:20:54.199+0000] {timeout.py:68} ERROR - Process timed out, PID: 172
[2024-08-17T23:21:28.525+0000] {processor.py:161} INFO - Started process (PID=180) to work on /opt/airflow/dags/newspipeline.py
[2024-08-17T23:21:28.526+0000] {processor.py:830} INFO - Processing file /opt/airflow/dags/newspipeline.py for tasks to queue
[2024-08-17T23:21:28.531+0000] {logging_mixin.py:188} INFO - [2024-08-17T23:21:28.527+0000] {dagbag.py:545} INFO - Filling up the DagBag from /opt/airflow/dags/newspipeline.py
[2024-08-17T23:21:58.869+0000] {logging_mixin.py:188} INFO - [2024-08-17T23:21:58.620+0000] {timeout.py:68} ERROR - Process timed out, PID: 180
[2024-08-17T23:22:29.447+0000] {processor.py:161} INFO - Started process (PID=195) to work on /opt/airflow/dags/newspipeline.py
[2024-08-17T23:22:29.448+0000] {processor.py:830} INFO - Processing file /opt/airflow/dags/newspipeline.py for tasks to queue
[2024-08-17T23:22:29.450+0000] {logging_mixin.py:188} INFO - [2024-08-17T23:22:29.449+0000] {dagbag.py:545} INFO - Filling up the DagBag from /opt/airflow/dags/newspipeline.py
[2024-08-17T23:22:59.585+0000] {logging_mixin.py:188} INFO - [2024-08-17T23:22:59.561+0000] {timeout.py:68} ERROR - Process timed out, PID: 195
[2024-08-17T23:23:34.952+0000] {processor.py:161} INFO - Started process (PID=210) to work on /opt/airflow/dags/newspipeline.py
[2024-08-17T23:23:34.956+0000] {processor.py:830} INFO - Processing file /opt/airflow/dags/newspipeline.py for tasks to queue
[2024-08-17T23:23:34.959+0000] {logging_mixin.py:188} INFO - [2024-08-17T23:23:34.957+0000] {dagbag.py:545} INFO - Filling up the DagBag from /opt/airflow/dags/newspipeline.py
[2024-08-17T23:24:05.262+0000] {logging_mixin.py:188} INFO - [2024-08-17T23:24:05.227+0000] {timeout.py:68} ERROR - Process timed out, PID: 210
[2024-08-17T23:24:35.555+0000] {processor.py:161} INFO - Started process (PID=224) to work on /opt/airflow/dags/newspipeline.py
[2024-08-17T23:24:35.556+0000] {processor.py:830} INFO - Processing file /opt/airflow/dags/newspipeline.py for tasks to queue
[2024-08-17T23:24:35.559+0000] {logging_mixin.py:188} INFO - [2024-08-17T23:24:35.557+0000] {dagbag.py:545} INFO - Filling up the DagBag from /opt/airflow/dags/newspipeline.py
[2024-08-17T23:25:05.879+0000] {logging_mixin.py:188} INFO - [2024-08-17T23:25:05.613+0000] {timeout.py:68} ERROR - Process timed out, PID: 224
[2024-08-17T23:25:36.769+0000] {processor.py:161} INFO - Started process (PID=231) to work on /opt/airflow/dags/newspipeline.py
[2024-08-17T23:25:36.770+0000] {processor.py:830} INFO - Processing file /opt/airflow/dags/newspipeline.py for tasks to queue
[2024-08-17T23:25:36.776+0000] {logging_mixin.py:188} INFO - [2024-08-17T23:25:36.772+0000] {dagbag.py:545} INFO - Filling up the DagBag from /opt/airflow/dags/newspipeline.py
[2024-08-17T23:26:09.656+0000] {logging_mixin.py:188} INFO - [2024-08-17T23:26:09.556+0000] {timeout.py:68} ERROR - Process timed out, PID: 231
[2024-08-17T23:26:41.343+0000] {processor.py:161} INFO - Started process (PID=245) to work on /opt/airflow/dags/newspipeline.py
[2024-08-17T23:26:41.343+0000] {processor.py:830} INFO - Processing file /opt/airflow/dags/newspipeline.py for tasks to queue
[2024-08-17T23:26:41.344+0000] {logging_mixin.py:188} INFO - [2024-08-17T23:26:41.344+0000] {dagbag.py:545} INFO - Filling up the DagBag from /opt/airflow/dags/newspipeline.py
[2024-08-17T23:27:11.621+0000] {logging_mixin.py:188} INFO - [2024-08-17T23:27:11.373+0000] {timeout.py:68} ERROR - Process timed out, PID: 245
[2024-08-17T23:27:46.685+0000] {processor.py:161} INFO - Started process (PID=253) to work on /opt/airflow/dags/newspipeline.py
[2024-08-17T23:27:46.686+0000] {processor.py:830} INFO - Processing file /opt/airflow/dags/newspipeline.py for tasks to queue
[2024-08-17T23:27:46.687+0000] {logging_mixin.py:188} INFO - [2024-08-17T23:27:46.687+0000] {dagbag.py:545} INFO - Filling up the DagBag from /opt/airflow/dags/newspipeline.py
[2024-08-17T23:28:16.733+0000] {logging_mixin.py:188} INFO - [2024-08-17T23:28:16.706+0000] {timeout.py:68} ERROR - Process timed out, PID: 253
[2024-08-17T23:29:43.530+0000] {processor.py:161} INFO - Started process (PID=266) to work on /opt/airflow/dags/newspipeline.py
[2024-08-17T23:29:43.531+0000] {processor.py:830} INFO - Processing file /opt/airflow/dags/newspipeline.py for tasks to queue
[2024-08-17T23:29:43.533+0000] {logging_mixin.py:188} INFO - [2024-08-17T23:29:43.532+0000] {dagbag.py:545} INFO - Filling up the DagBag from /opt/airflow/dags/newspipeline.py
[2024-08-17T23:30:20.307+0000] {processor.py:161} INFO - Started process (PID=267) to work on /opt/airflow/dags/newspipeline.py
[2024-08-17T23:30:20.606+0000] {processor.py:830} INFO - Processing file /opt/airflow/dags/newspipeline.py for tasks to queue
[2024-08-17T23:30:22.886+0000] {logging_mixin.py:188} INFO - [2024-08-17T23:30:22.784+0000] {dagbag.py:545} INFO - Filling up the DagBag from /opt/airflow/dags/newspipeline.py
[2024-08-17T23:30:55.728+0000] {logging_mixin.py:188} INFO - [2024-08-17T23:30:55.700+0000] {timeout.py:68} ERROR - Process timed out, PID: 267
[2024-08-17T23:31:39.052+0000] {processor.py:161} INFO - Started process (PID=268) to work on /opt/airflow/dags/newspipeline.py
[2024-08-17T23:31:39.201+0000] {processor.py:830} INFO - Processing file /opt/airflow/dags/newspipeline.py for tasks to queue
[2024-08-17T23:31:39.564+0000] {logging_mixin.py:188} INFO - [2024-08-17T23:31:39.319+0000] {dagbag.py:545} INFO - Filling up the DagBag from /opt/airflow/dags/newspipeline.py
[2024-08-17T23:32:33.540+0000] {logging_mixin.py:188} INFO - [2024-08-17T23:32:16.502+0000] {timeout.py:68} ERROR - Process timed out, PID: 268
[2024-08-17T23:37:26.094+0000] {processor.py:161} INFO - Started process (PID=56) to work on /opt/airflow/dags/newspipeline.py
[2024-08-17T23:37:26.111+0000] {processor.py:830} INFO - Processing file /opt/airflow/dags/newspipeline.py for tasks to queue
[2024-08-17T23:37:26.113+0000] {logging_mixin.py:188} INFO - [2024-08-17T23:37:26.113+0000] {dagbag.py:545} INFO - Filling up the DagBag from /opt/airflow/dags/newspipeline.py
[2024-08-17T23:37:30.215+0000] {logging_mixin.py:188} INFO - Successfully saved 100 articles to ai_news_articles.json and ai_news_articles.csv
[2024-08-17T23:37:30.301+0000] {logging_mixin.py:188} INFO - Successfully loaded data into news_articles table
[2024-08-17T23:37:30.313+0000] {processor.py:840} INFO - DAG(s) 'etl_data_pipeline' retrieved from /opt/airflow/dags/newspipeline.py
[2024-08-17T23:37:30.525+0000] {logging_mixin.py:188} INFO - [2024-08-17T23:37:30.525+0000] {dag.py:3096} INFO - Sync 1 DAGs
[2024-08-17T23:37:30.543+0000] {logging_mixin.py:188} INFO - [2024-08-17T23:37:30.543+0000] {dag.py:3954} INFO - Setting next_dagrun for etl_data_pipeline to 2024-08-16 00:00:00+00:00, run_after=2024-08-17 00:00:00+00:00
[2024-08-17T23:37:30.580+0000] {processor.py:183} INFO - Processing /opt/airflow/dags/newspipeline.py took 4.492 seconds
[2024-08-17T23:38:00.924+0000] {processor.py:161} INFO - Started process (PID=64) to work on /opt/airflow/dags/newspipeline.py
[2024-08-17T23:38:00.939+0000] {processor.py:830} INFO - Processing file /opt/airflow/dags/newspipeline.py for tasks to queue
[2024-08-17T23:38:00.944+0000] {logging_mixin.py:188} INFO - [2024-08-17T23:38:00.941+0000] {dagbag.py:545} INFO - Filling up the DagBag from /opt/airflow/dags/newspipeline.py
[2024-08-17T23:38:05.248+0000] {logging_mixin.py:188} INFO - Successfully saved 100 articles to ai_news_articles.json and ai_news_articles.csv
[2024-08-17T23:38:05.354+0000] {logging_mixin.py:188} INFO - Successfully loaded data into news_articles table
[2024-08-17T23:38:05.368+0000] {processor.py:840} INFO - DAG(s) 'etl_data_pipeline' retrieved from /opt/airflow/dags/newspipeline.py
[2024-08-17T23:38:05.428+0000] {logging_mixin.py:188} INFO - [2024-08-17T23:38:05.428+0000] {dag.py:3096} INFO - Sync 1 DAGs
[2024-08-17T23:38:05.449+0000] {logging_mixin.py:188} INFO - [2024-08-17T23:38:05.449+0000] {dag.py:3954} INFO - Setting next_dagrun for etl_data_pipeline to 2024-08-16 00:00:00+00:00, run_after=2024-08-17 00:00:00+00:00
[2024-08-17T23:38:05.468+0000] {processor.py:183} INFO - Processing /opt/airflow/dags/newspipeline.py took 4.552 seconds
[2024-08-17T23:38:35.615+0000] {processor.py:161} INFO - Started process (PID=71) to work on /opt/airflow/dags/newspipeline.py
[2024-08-17T23:38:35.616+0000] {processor.py:830} INFO - Processing file /opt/airflow/dags/newspipeline.py for tasks to queue
[2024-08-17T23:38:35.618+0000] {logging_mixin.py:188} INFO - [2024-08-17T23:38:35.617+0000] {dagbag.py:545} INFO - Filling up the DagBag from /opt/airflow/dags/newspipeline.py
[2024-08-17T23:38:38.073+0000] {logging_mixin.py:188} INFO - Successfully saved 100 articles to ai_news_articles.json and ai_news_articles.csv
[2024-08-17T23:38:38.151+0000] {logging_mixin.py:188} INFO - Successfully loaded data into news_articles table
[2024-08-17T23:38:38.161+0000] {processor.py:840} INFO - DAG(s) 'etl_data_pipeline' retrieved from /opt/airflow/dags/newspipeline.py
[2024-08-17T23:38:38.191+0000] {logging_mixin.py:188} INFO - [2024-08-17T23:38:38.191+0000] {dag.py:3096} INFO - Sync 1 DAGs
[2024-08-17T23:38:38.210+0000] {logging_mixin.py:188} INFO - [2024-08-17T23:38:38.209+0000] {dag.py:3954} INFO - Setting next_dagrun for etl_data_pipeline to 2024-08-16 00:00:00+00:00, run_after=2024-08-17 00:00:00+00:00
[2024-08-17T23:38:38.225+0000] {processor.py:183} INFO - Processing /opt/airflow/dags/newspipeline.py took 2.616 seconds
[2024-08-17T23:39:08.349+0000] {processor.py:161} INFO - Started process (PID=79) to work on /opt/airflow/dags/newspipeline.py
[2024-08-17T23:39:08.350+0000] {processor.py:830} INFO - Processing file /opt/airflow/dags/newspipeline.py for tasks to queue
[2024-08-17T23:39:08.352+0000] {logging_mixin.py:188} INFO - [2024-08-17T23:39:08.352+0000] {dagbag.py:545} INFO - Filling up the DagBag from /opt/airflow/dags/newspipeline.py
[2024-08-17T23:39:10.766+0000] {logging_mixin.py:188} INFO - Successfully saved 100 articles to ai_news_articles.json and ai_news_articles.csv
[2024-08-17T23:39:10.841+0000] {logging_mixin.py:188} INFO - Successfully loaded data into news_articles table
[2024-08-17T23:39:10.853+0000] {processor.py:840} INFO - DAG(s) 'etl_data_pipeline' retrieved from /opt/airflow/dags/newspipeline.py
[2024-08-17T23:39:10.884+0000] {logging_mixin.py:188} INFO - [2024-08-17T23:39:10.884+0000] {dag.py:3096} INFO - Sync 1 DAGs
[2024-08-17T23:39:10.904+0000] {logging_mixin.py:188} INFO - [2024-08-17T23:39:10.904+0000] {dag.py:3954} INFO - Setting next_dagrun for etl_data_pipeline to 2024-08-16 00:00:00+00:00, run_after=2024-08-17 00:00:00+00:00
[2024-08-17T23:39:10.919+0000] {processor.py:183} INFO - Processing /opt/airflow/dags/newspipeline.py took 2.575 seconds
[2024-08-17T23:39:41.436+0000] {processor.py:161} INFO - Started process (PID=93) to work on /opt/airflow/dags/newspipeline.py
[2024-08-17T23:39:41.437+0000] {processor.py:830} INFO - Processing file /opt/airflow/dags/newspipeline.py for tasks to queue
[2024-08-17T23:39:41.439+0000] {logging_mixin.py:188} INFO - [2024-08-17T23:39:41.438+0000] {dagbag.py:545} INFO - Filling up the DagBag from /opt/airflow/dags/newspipeline.py
[2024-08-17T23:39:44.750+0000] {logging_mixin.py:188} INFO - Successfully saved 100 articles to ai_news_articles.json and ai_news_articles.csv
[2024-08-17T23:39:44.805+0000] {logging_mixin.py:188} INFO - Successfully loaded data into news_articles table
[2024-08-17T23:39:44.815+0000] {processor.py:840} INFO - DAG(s) 'etl_data_pipeline' retrieved from /opt/airflow/dags/newspipeline.py
[2024-08-17T23:39:44.847+0000] {logging_mixin.py:188} INFO - [2024-08-17T23:39:44.847+0000] {dag.py:3096} INFO - Sync 1 DAGs
[2024-08-17T23:39:44.866+0000] {logging_mixin.py:188} INFO - [2024-08-17T23:39:44.865+0000] {dag.py:3954} INFO - Setting next_dagrun for etl_data_pipeline to 2024-08-16 00:00:00+00:00, run_after=2024-08-17 00:00:00+00:00
[2024-08-17T23:39:44.885+0000] {processor.py:183} INFO - Processing /opt/airflow/dags/newspipeline.py took 3.455 seconds
[2024-08-17T23:40:15.030+0000] {processor.py:161} INFO - Started process (PID=101) to work on /opt/airflow/dags/newspipeline.py
[2024-08-17T23:40:15.030+0000] {processor.py:830} INFO - Processing file /opt/airflow/dags/newspipeline.py for tasks to queue
[2024-08-17T23:40:15.032+0000] {logging_mixin.py:188} INFO - [2024-08-17T23:40:15.032+0000] {dagbag.py:545} INFO - Filling up the DagBag from /opt/airflow/dags/newspipeline.py
[2024-08-17T23:40:17.427+0000] {logging_mixin.py:188} INFO - Successfully saved 100 articles to ai_news_articles.json and ai_news_articles.csv
[2024-08-17T23:40:17.494+0000] {logging_mixin.py:188} INFO - Successfully loaded data into news_articles table
[2024-08-17T23:40:17.505+0000] {processor.py:840} INFO - DAG(s) 'etl_data_pipeline' retrieved from /opt/airflow/dags/newspipeline.py
[2024-08-17T23:40:17.533+0000] {logging_mixin.py:188} INFO - [2024-08-17T23:40:17.532+0000] {dag.py:3096} INFO - Sync 1 DAGs
[2024-08-17T23:40:17.551+0000] {logging_mixin.py:188} INFO - [2024-08-17T23:40:17.551+0000] {dag.py:3954} INFO - Setting next_dagrun for etl_data_pipeline to 2024-08-16 00:00:00+00:00, run_after=2024-08-17 00:00:00+00:00
[2024-08-17T23:40:17.566+0000] {processor.py:183} INFO - Processing /opt/airflow/dags/newspipeline.py took 2.544 seconds
[2024-08-17T23:40:49.079+0000] {processor.py:161} INFO - Started process (PID=103) to work on /opt/airflow/dags/newspipeline.py
[2024-08-17T23:40:49.170+0000] {processor.py:830} INFO - Processing file /opt/airflow/dags/newspipeline.py for tasks to queue
[2024-08-17T23:40:49.221+0000] {logging_mixin.py:188} INFO - [2024-08-17T23:40:49.191+0000] {dagbag.py:545} INFO - Filling up the DagBag from /opt/airflow/dags/newspipeline.py
[2024-08-17T23:43:28.859+0000] {processor.py:161} INFO - Started process (PID=104) to work on /opt/airflow/dags/newspipeline.py
[2024-08-17T23:43:38.094+0000] {processor.py:830} INFO - Processing file /opt/airflow/dags/newspipeline.py for tasks to queue
[2024-08-17T23:44:58.560+0000] {logging_mixin.py:188} INFO - [2024-08-17T23:44:15.899+0000] {dagbag.py:545} INFO - Filling up the DagBag from /opt/airflow/dags/newspipeline.py
[2024-08-17T23:46:52.166+0000] {logging_mixin.py:188} INFO - [2024-08-17T23:46:14.635+0000] {timeout.py:68} ERROR - Process timed out, PID: 104
[2024-08-17T23:47:58.486+0000] {processor.py:161} INFO - Started process (PID=112) to work on /opt/airflow/dags/newspipeline.py
[2024-08-17T23:47:58.662+0000] {processor.py:830} INFO - Processing file /opt/airflow/dags/newspipeline.py for tasks to queue
[2024-08-17T23:47:58.664+0000] {logging_mixin.py:188} INFO - [2024-08-17T23:47:58.663+0000] {dagbag.py:545} INFO - Filling up the DagBag from /opt/airflow/dags/newspipeline.py
[2024-08-17T23:49:27.511+0000] {processor.py:161} INFO - Started process (PID=120) to work on /opt/airflow/dags/newspipeline.py
[2024-08-17T23:49:27.865+0000] {processor.py:830} INFO - Processing file /opt/airflow/dags/newspipeline.py for tasks to queue
[2024-08-17T23:49:27.881+0000] {logging_mixin.py:188} INFO - [2024-08-17T23:49:27.869+0000] {dagbag.py:545} INFO - Filling up the DagBag from /opt/airflow/dags/newspipeline.py
[2024-08-17T23:50:45.142+0000] {processor.py:161} INFO - Started process (PID=134) to work on /opt/airflow/dags/newspipeline.py
[2024-08-17T23:50:45.194+0000] {processor.py:830} INFO - Processing file /opt/airflow/dags/newspipeline.py for tasks to queue
[2024-08-17T23:50:45.198+0000] {logging_mixin.py:188} INFO - [2024-08-17T23:50:45.196+0000] {dagbag.py:545} INFO - Filling up the DagBag from /opt/airflow/dags/newspipeline.py
[2024-08-17T23:52:07.127+0000] {processor.py:161} INFO - Started process (PID=154) to work on /opt/airflow/dags/newspipeline.py
[2024-08-17T23:52:07.154+0000] {processor.py:830} INFO - Processing file /opt/airflow/dags/newspipeline.py for tasks to queue
[2024-08-17T23:52:07.155+0000] {logging_mixin.py:188} INFO - [2024-08-17T23:52:07.154+0000] {dagbag.py:545} INFO - Filling up the DagBag from /opt/airflow/dags/newspipeline.py
[2024-08-17T23:52:37.445+0000] {logging_mixin.py:188} INFO - [2024-08-17T23:52:37.400+0000] {timeout.py:68} ERROR - Process timed out, PID: 154
[2024-08-17T23:53:09.058+0000] {processor.py:161} INFO - Started process (PID=168) to work on /opt/airflow/dags/newspipeline.py
[2024-08-17T23:53:09.443+0000] {processor.py:830} INFO - Processing file /opt/airflow/dags/newspipeline.py for tasks to queue
[2024-08-17T23:53:09.447+0000] {logging_mixin.py:188} INFO - [2024-08-17T23:53:09.444+0000] {dagbag.py:545} INFO - Filling up the DagBag from /opt/airflow/dags/newspipeline.py
[2024-08-17T23:54:36.135+0000] {processor.py:161} INFO - Started process (PID=176) to work on /opt/airflow/dags/newspipeline.py
[2024-08-17T23:54:36.136+0000] {processor.py:830} INFO - Processing file /opt/airflow/dags/newspipeline.py for tasks to queue
[2024-08-17T23:54:36.141+0000] {logging_mixin.py:188} INFO - [2024-08-17T23:54:36.140+0000] {dagbag.py:545} INFO - Filling up the DagBag from /opt/airflow/dags/newspipeline.py
[2024-08-17T23:54:45.087+0000] {logging_mixin.py:188} INFO - Successfully saved 100 articles to ai_news_articles.json and ai_news_articles.csv
[2024-08-17T23:54:45.476+0000] {logging_mixin.py:188} INFO - Successfully loaded data into news_articles table
[2024-08-17T23:54:45.493+0000] {processor.py:840} INFO - DAG(s) 'etl_data_pipeline' retrieved from /opt/airflow/dags/newspipeline.py
[2024-08-17T23:54:45.720+0000] {logging_mixin.py:188} INFO - [2024-08-17T23:54:45.720+0000] {dag.py:3096} INFO - Sync 1 DAGs
[2024-08-17T23:54:45.835+0000] {logging_mixin.py:188} INFO - [2024-08-17T23:54:45.834+0000] {dag.py:3954} INFO - Setting next_dagrun for etl_data_pipeline to 2024-08-16 00:00:00+00:00, run_after=2024-08-17 00:00:00+00:00
[2024-08-17T23:54:45.908+0000] {processor.py:183} INFO - Processing /opt/airflow/dags/newspipeline.py took 9.918 seconds
[2024-08-17T23:55:16.653+0000] {processor.py:161} INFO - Started process (PID=191) to work on /opt/airflow/dags/newspipeline.py
[2024-08-17T23:55:16.655+0000] {processor.py:830} INFO - Processing file /opt/airflow/dags/newspipeline.py for tasks to queue
[2024-08-17T23:55:16.657+0000] {logging_mixin.py:188} INFO - [2024-08-17T23:55:16.656+0000] {dagbag.py:545} INFO - Filling up the DagBag from /opt/airflow/dags/newspipeline.py
[2024-08-17T23:55:58.448+0000] {logging_mixin.py:188} INFO - [2024-08-17T23:55:52.438+0000] {timeout.py:68} ERROR - Process timed out, PID: 191
[2024-08-17T23:57:20.467+0000] {processor.py:161} INFO - Started process (PID=205) to work on /opt/airflow/dags/newspipeline.py
[2024-08-17T23:57:20.467+0000] {processor.py:830} INFO - Processing file /opt/airflow/dags/newspipeline.py for tasks to queue
[2024-08-17T23:57:20.468+0000] {logging_mixin.py:188} INFO - [2024-08-17T23:57:20.468+0000] {dagbag.py:545} INFO - Filling up the DagBag from /opt/airflow/dags/newspipeline.py
[2024-08-17T23:57:48.773+0000] {logging_mixin.py:188} INFO - Successfully saved 100 articles to ai_news_articles.json and ai_news_articles.csv
[2024-08-17T23:57:49.010+0000] {logging_mixin.py:188} INFO - Successfully loaded data into news_articles table
[2024-08-17T23:57:49.024+0000] {processor.py:840} INFO - DAG(s) 'etl_data_pipeline' retrieved from /opt/airflow/dags/newspipeline.py
[2024-08-17T23:57:49.177+0000] {logging_mixin.py:188} INFO - [2024-08-17T23:57:49.176+0000] {dag.py:3096} INFO - Sync 1 DAGs
[2024-08-17T23:57:49.194+0000] {logging_mixin.py:188} INFO - [2024-08-17T23:57:49.194+0000] {dag.py:3954} INFO - Setting next_dagrun for etl_data_pipeline to 2024-08-16 00:00:00+00:00, run_after=2024-08-17 00:00:00+00:00
[2024-08-17T23:57:49.212+0000] {processor.py:183} INFO - Processing /opt/airflow/dags/newspipeline.py took 28.751 seconds
[2024-08-17T23:58:19.432+0000] {processor.py:161} INFO - Started process (PID=218) to work on /opt/airflow/dags/newspipeline.py
[2024-08-17T23:58:19.434+0000] {processor.py:830} INFO - Processing file /opt/airflow/dags/newspipeline.py for tasks to queue
[2024-08-17T23:58:19.437+0000] {logging_mixin.py:188} INFO - [2024-08-17T23:58:19.435+0000] {dagbag.py:545} INFO - Filling up the DagBag from /opt/airflow/dags/newspipeline.py
[2024-08-17T23:58:49.538+0000] {logging_mixin.py:188} INFO - [2024-08-17T23:58:49.513+0000] {timeout.py:68} ERROR - Process timed out, PID: 218
[2024-08-17T23:59:21.792+0000] {processor.py:161} INFO - Started process (PID=226) to work on /opt/airflow/dags/newspipeline.py
[2024-08-17T23:59:21.792+0000] {processor.py:830} INFO - Processing file /opt/airflow/dags/newspipeline.py for tasks to queue
[2024-08-17T23:59:21.794+0000] {logging_mixin.py:188} INFO - [2024-08-17T23:59:21.793+0000] {dagbag.py:545} INFO - Filling up the DagBag from /opt/airflow/dags/newspipeline.py
[2024-08-17T23:59:24.756+0000] {logging_mixin.py:188} INFO - Successfully saved 100 articles to ai_news_articles.json and ai_news_articles.csv
[2024-08-17T23:59:24.947+0000] {logging_mixin.py:188} INFO - Successfully loaded data into news_articles table
[2024-08-17T23:59:24.981+0000] {processor.py:840} INFO - DAG(s) 'etl_data_pipeline' retrieved from /opt/airflow/dags/newspipeline.py
[2024-08-17T23:59:25.238+0000] {logging_mixin.py:188} INFO - [2024-08-17T23:59:25.237+0000] {dag.py:3096} INFO - Sync 1 DAGs
[2024-08-17T23:59:25.260+0000] {logging_mixin.py:188} INFO - [2024-08-17T23:59:25.259+0000] {dag.py:3954} INFO - Setting next_dagrun for etl_data_pipeline to 2024-08-16 00:00:00+00:00, run_after=2024-08-17 00:00:00+00:00
[2024-08-17T23:59:25.282+0000] {processor.py:183} INFO - Processing /opt/airflow/dags/newspipeline.py took 3.498 seconds
[2024-08-17T23:59:55.485+0000] {processor.py:161} INFO - Started process (PID=240) to work on /opt/airflow/dags/newspipeline.py
[2024-08-17T23:59:55.486+0000] {processor.py:830} INFO - Processing file /opt/airflow/dags/newspipeline.py for tasks to queue
[2024-08-17T23:59:55.486+0000] {logging_mixin.py:188} INFO - [2024-08-17T23:59:55.486+0000] {dagbag.py:545} INFO - Filling up the DagBag from /opt/airflow/dags/newspipeline.py
[2024-08-17T23:59:58.619+0000] {logging_mixin.py:188} INFO - Successfully saved 100 articles to ai_news_articles.json and ai_news_articles.csv
[2024-08-17T23:59:58.918+0000] {logging_mixin.py:188} INFO - Successfully loaded data into news_articles table
[2024-08-17T23:59:58.930+0000] {processor.py:840} INFO - DAG(s) 'etl_data_pipeline' retrieved from /opt/airflow/dags/newspipeline.py
[2024-08-17T23:59:58.968+0000] {logging_mixin.py:188} INFO - [2024-08-17T23:59:58.968+0000] {dag.py:3096} INFO - Sync 1 DAGs
[2024-08-17T23:59:58.994+0000] {logging_mixin.py:188} INFO - [2024-08-17T23:59:58.994+0000] {dag.py:3954} INFO - Setting next_dagrun for etl_data_pipeline to 2024-08-16 00:00:00+00:00, run_after=2024-08-17 00:00:00+00:00
[2024-08-17T23:59:59.010+0000] {processor.py:183} INFO - Processing /opt/airflow/dags/newspipeline.py took 3.532 seconds
